2024-02-07 19:25:09 begin
2024-02-07 19:25:09 Traceback (most recent call last):
  File "/Users/lzk/PycharmProjects/zucai/pyscripts/spider/main.py", line 26, in <module>
    finish = re.begin()
  File "/Users/lzk/PycharmProjects/zucai/pyscripts/spider/Reptile.py", line 200, in begin
    driver = webdriver.Edge(options=options, service=service)
  File "/Users/lzk/PycharmProjects/zucai/venv/lib/python3.9/site-packages/selenium/webdriver/edge/webdriver.py", line 45, in __init__
    super().__init__(
  File "/Users/lzk/PycharmProjects/zucai/venv/lib/python3.9/site-packages/selenium/webdriver/chromium/webdriver.py", line 50, in __init__
    self.service.start()
  File "/Users/lzk/PycharmProjects/zucai/venv/lib/python3.9/site-packages/selenium/webdriver/common/service.py", line 98, in start
    self._start_process(self._path)
  File "/Users/lzk/PycharmProjects/zucai/venv/lib/python3.9/site-packages/selenium/webdriver/common/service.py", line 208, in _start_process
    self.process = subprocess.Popen(
  File "/Library/Developer/CommandLineTools/Library/Frameworks/Python3.framework/Versions/3.9/lib/python3.9/subprocess.py", line 951, in __init__
    self._execute_child(args, executable, preexec_fn, close_fds,
  File "/Library/Developer/CommandLineTools/Library/Frameworks/Python3.framework/Versions/3.9/lib/python3.9/subprocess.py", line 1821, in _execute_child
    raise child_exception_type(errno_num, err_msg, err_filename)
FileNotFoundError: [Errno 2] No such file or directory: 'msedgedriver.exe'

2024-02-07 19:25:39 begin
2024-02-07 19:25:39 Traceback (most recent call last):
  File "/Users/lzk/PycharmProjects/zucai/pyscripts/spider/main.py", line 26, in <module>
    finish = re.begin()
  File "/Users/lzk/PycharmProjects/zucai/pyscripts/spider/Reptile.py", line 200, in begin
    driver = webdriver.Edge(options=options, service=service)
  File "/Users/lzk/PycharmProjects/zucai/venv/lib/python3.9/site-packages/selenium/webdriver/edge/webdriver.py", line 45, in __init__
    super().__init__(
  File "/Users/lzk/PycharmProjects/zucai/venv/lib/python3.9/site-packages/selenium/webdriver/chromium/webdriver.py", line 50, in __init__
    self.service.start()
  File "/Users/lzk/PycharmProjects/zucai/venv/lib/python3.9/site-packages/selenium/webdriver/common/service.py", line 98, in start
    self._start_process(self._path)
  File "/Users/lzk/PycharmProjects/zucai/venv/lib/python3.9/site-packages/selenium/webdriver/common/service.py", line 208, in _start_process
    self.process = subprocess.Popen(
  File "/Library/Developer/CommandLineTools/Library/Frameworks/Python3.framework/Versions/3.9/lib/python3.9/subprocess.py", line 951, in __init__
    self._execute_child(args, executable, preexec_fn, close_fds,
  File "/Library/Developer/CommandLineTools/Library/Frameworks/Python3.framework/Versions/3.9/lib/python3.9/subprocess.py", line 1821, in _execute_child
    raise child_exception_type(errno_num, err_msg, err_filename)
FileNotFoundError: [Errno 2] No such file or directory: 'msedgedriver.exe'

2024-02-07 19:26:03 begin
2024-02-07 19:26:03 Traceback (most recent call last):
  File "/Users/lzk/PycharmProjects/zucai/pyscripts/spider/main.py", line 26, in <module>
    finish = re.begin()
  File "/Users/lzk/PycharmProjects/zucai/pyscripts/spider/Reptile.py", line 200, in begin
    driver = webdriver.Edge(options=options, service=service)
  File "/Users/lzk/PycharmProjects/zucai/venv/lib/python3.9/site-packages/selenium/webdriver/edge/webdriver.py", line 45, in __init__
    super().__init__(
  File "/Users/lzk/PycharmProjects/zucai/venv/lib/python3.9/site-packages/selenium/webdriver/chromium/webdriver.py", line 50, in __init__
    self.service.start()
  File "/Users/lzk/PycharmProjects/zucai/venv/lib/python3.9/site-packages/selenium/webdriver/common/service.py", line 98, in start
    self._start_process(self._path)
  File "/Users/lzk/PycharmProjects/zucai/venv/lib/python3.9/site-packages/selenium/webdriver/common/service.py", line 208, in _start_process
    self.process = subprocess.Popen(
  File "/Library/Developer/CommandLineTools/Library/Frameworks/Python3.framework/Versions/3.9/lib/python3.9/subprocess.py", line 951, in __init__
    self._execute_child(args, executable, preexec_fn, close_fds,
  File "/Library/Developer/CommandLineTools/Library/Frameworks/Python3.framework/Versions/3.9/lib/python3.9/subprocess.py", line 1821, in _execute_child
    raise child_exception_type(errno_num, err_msg, err_filename)
FileNotFoundError: [Errno 2] No such file or directory: 'msedgedriver.exe'

2024-02-07 21:12:18 Traceback (most recent call last):
  File "/Users/lzk/PycharmProjects/zucai/pyscripts/spider/main.py", line 26, in <module>
    finish = re.begin()
  File "/Users/lzk/PycharmProjects/zucai/pyscripts/spider/Reptile.py", line 196, in begin
    service = webdriver.EdgeService(executable_path='msedgedriver.exe')
  File "/Users/lzk/PycharmProjects/zucai/pyscripts/spider/Reptile.py", line 196, in begin
    service = webdriver.EdgeService(executable_path='msedgedriver.exe')
  File "_pydevd_bundle/pydevd_cython_darwin_39_64.pyx", line 1187, in _pydevd_bundle.pydevd_cython_darwin_39_64.SafeCallWrapper.__call__
  File "_pydevd_bundle/pydevd_cython_darwin_39_64.pyx", line 627, in _pydevd_bundle.pydevd_cython_darwin_39_64.PyDBFrame.trace_dispatch
  File "_pydevd_bundle/pydevd_cython_darwin_39_64.pyx", line 1103, in _pydevd_bundle.pydevd_cython_darwin_39_64.PyDBFrame.trace_dispatch
  File "_pydevd_bundle/pydevd_cython_darwin_39_64.pyx", line 1065, in _pydevd_bundle.pydevd_cython_darwin_39_64.PyDBFrame.trace_dispatch
  File "_pydevd_bundle/pydevd_cython_darwin_39_64.pyx", line 585, in _pydevd_bundle.pydevd_cython_darwin_39_64.PyDBFrame.do_wait_suspend
  File "/Applications/PyCharm.app/Contents/plugins/python/helpers/pydev/pydevd.py", line 1184, in do_wait_suspend
    self._do_wait_suspend(thread, frame, event, arg, suspend_type, from_this_thread)
  File "/Applications/PyCharm.app/Contents/plugins/python/helpers/pydev/pydevd.py", line 1199, in _do_wait_suspend
    time.sleep(0.01)
KeyboardInterrupt

2024-02-07 21:19:02 Traceback (most recent call last):
  File "/Users/lzk/PycharmProjects/zucai/pyscripts/spider/main.py", line 26, in <module>
    finish = re.begin()
  File "/Users/lzk/PycharmProjects/zucai/pyscripts/spider/Reptile.py", line 206, in begin
    chrome_options.add_argument('--disable-gpu')
NameError: name 'chrome_options' is not defined

2024-02-07 21:19:32 Traceback (most recent call last):
  File "/Users/lzk/PycharmProjects/zucai/pyscripts/spider/main.py", line 26, in <module>
    finish = re.begin()
  File "/Users/lzk/PycharmProjects/zucai/pyscripts/spider/Reptile.py", line 206, in begin
    chrome_options.add_argument('--disable-gpu')
NameError: name 'chrome_options' is not defined

2024-02-07 21:20:06 Traceback (most recent call last):
  File "/Users/lzk/PycharmProjects/zucai/pyscripts/spider/main.py", line 26, in <module>
    finish = re.begin()
  File "/Users/lzk/PycharmProjects/zucai/pyscripts/spider/Reptile.py", line 224, in begin
    options.add_extension('d:\crx\AdBlock_v2.17.crx')
  File "/Users/lzk/PycharmProjects/zucai/venv/lib/python3.9/site-packages/selenium/webdriver/chromium/options.py", line 101, in add_extension
    raise OSError("Path to the extension doesn't exist")
OSError: Path to the extension doesn't exist

2024-02-07 21:21:27 begin
2024-02-07 21:21:28 跳转网页https://liansai.500.com/zuqiu-6901/
2024-02-07 21:22:20 begin
2024-02-07 21:22:35 跳转网页https://liansai.500.com/zuqiu-6901/
2024-02-07 21:23:29 begin
2024-02-07 21:23:51 跳转网页https://liansai.500.com/zuqiu-6901/
2024-02-07 21:25:11 begin
2024-02-07 21:26:53 跳转网页https://liansai.500.com/zuqiu-6901/
2024-02-07 21:29:15 end
2024-02-22 14:24:11 begin
2024-02-22 14:24:12 跳转网页https://liansai.500.com/zuqiu-6901/
2024-02-22 14:25:05 Traceback (most recent call last):
  File "/Users/lzk/PycharmProjects/zucai/pyscripts/spider/main.py", line 26, in <module>
    finish = re.begin()
  File "/Users/lzk/PycharmProjects/zucai/pyscripts/spider/Reptile.py", line 276, in begin
    self.get_season_data(driver, season_url_list[j], sche)
  File "/Users/lzk/PycharmProjects/zucai/pyscripts/spider/Reptile.py", line 51, in get_season_data
    time.sleep(4)
KeyboardInterrupt

2024-02-22 14:25:17 begin
2024-02-22 14:25:29 跳转网页https://liansai.500.com/zuqiu-6901/
2024-02-22 14:26:54 跳转网页https://odds.500.com/fenxi/shuju-1100009.shtml
2024-02-22 14:35:32 Traceback (most recent call last):
  File "/Users/lzk/PycharmProjects/zucai/pyscripts/spider/main.py", line 26, in <module>
    finish = re.begin()
  File "/Users/lzk/PycharmProjects/zucai/pyscripts/spider/Reptile.py", line 276, in begin
    self.get_season_data(driver, season_url_list[j], sche)
  File "/Users/lzk/PycharmProjects/zucai/pyscripts/spider/Reptile.py", line 53, in get_season_data
    self.get_round_data(driver, url, cur_round_index) # 回来后还是 cur_round_index
  File "/Users/lzk/PycharmProjects/zucai/pyscripts/spider/Reptile.py", line 91, in get_round_data
    self.get_match_data(driver, match_status)
  File "/Users/lzk/PycharmProjects/zucai/pyscripts/spider/Reptile.py", line 104, in get_match_data
    score_str = driver.find_element(By.XPATH,
  File "/Users/lzk/PycharmProjects/zucai/venv/lib/python3.9/site-packages/selenium/webdriver/remote/webdriver.py", line 741, in find_element
    return self.execute(Command.FIND_ELEMENT, {"using": by, "value": value})["value"]
  File "/Users/lzk/PycharmProjects/zucai/venv/lib/python3.9/site-packages/selenium/webdriver/remote/webdriver.py", line 347, in execute
    self.error_handler.check_response(response)
  File "/Users/lzk/PycharmProjects/zucai/venv/lib/python3.9/site-packages/selenium/webdriver/remote/errorhandler.py", line 229, in check_response
    raise exception_class(message, screen, stacktrace)
selenium.common.exceptions.NoSuchElementException: Message: no such element: Unable to locate element: {"method":"xpath","selector":"//div[@class="odds_hd_center"]/p[@class="odds_hd_bf"]/strong"}
  (Session info: chrome-headless-shell=121.0.6167.184); For documentation on this error, please visit: https://www.selenium.dev/documentation/webdriver/troubleshooting/errors#no-such-element-exception
Stacktrace:
0   chromedriver                        0x000000010293e7dc chromedriver + 4040668
1   chromedriver                        0x00000001029369e0 chromedriver + 4008416
2   chromedriver                        0x00000001025a9870 chromedriver + 284784
3   chromedriver                        0x00000001025ed080 chromedriver + 561280
4   chromedriver                        0x0000000102627048 chromedriver + 798792
5   chromedriver                        0x00000001025e174c chromedriver + 513868
6   chromedriver                        0x00000001025e2044 chromedriver + 516164
7   chromedriver                        0x0000000102903a04 chromedriver + 3799556
8   chromedriver                        0x0000000102907ee4 chromedriver + 3817188
9   chromedriver                        0x00000001028ec260 chromedriver + 3703392
10  chromedriver                        0x0000000102908a2c chromedriver + 3820076
11  chromedriver                        0x00000001028df01c chromedriver + 3649564
12  chromedriver                        0x0000000102925e3c chromedriver + 3939900
13  chromedriver                        0x0000000102925fb4 chromedriver + 3940276
14  chromedriver                        0x0000000102936660 chromedriver + 4007520
15  libsystem_pthread.dylib             0x00000001a65ebfa8 _pthread_start + 148
16  libsystem_pthread.dylib             0x00000001a65e6da0 thread_start + 8


2024-02-22 14:36:10 begin
2024-02-22 14:36:15 跳转网页https://liansai.500.com/zuqiu-6901/
2024-02-22 14:41:14 跳转网页https://odds.500.com/fenxi/shuju-1100009.shtml
2024-02-22 14:41:49 Traceback (most recent call last):
  File "/Users/lzk/PycharmProjects/zucai/pyscripts/spider/main.py", line 26, in <module>
    finish = re.begin()
  File "/Users/lzk/PycharmProjects/zucai/pyscripts/spider/Reptile.py", line 276, in begin
    self.get_season_data(driver, season_url_list[j], sche)
  File "/Users/lzk/PycharmProjects/zucai/pyscripts/spider/Reptile.py", line 53, in get_season_data
    self.get_round_data(driver, url, cur_round_index) # 回来后还是 cur_round_index
  File "/Users/lzk/PycharmProjects/zucai/pyscripts/spider/Reptile.py", line 91, in get_round_data
    self.get_match_data(driver, match_status)
  File "/Users/lzk/PycharmProjects/zucai/pyscripts/spider/Reptile.py", line 91, in get_round_data
    self.get_match_data(driver, match_status)
  File "/Applications/PyCharm.app/Contents/plugins/python/helpers/pydev/_pydevd_bundle/pydevd_trace_dispatch.py", line 92, in trace_dispatch
    return _trace_dispatch(py_db, frame, event, arg)
  File "_pydevd_bundle/pydevd_cython_darwin_39_64.pyx", line 1337, in _pydevd_bundle.pydevd_cython_darwin_39_64.trace_dispatch
  File "_pydevd_bundle/pydevd_cython_darwin_39_64.pyx", line 1597, in _pydevd_bundle.pydevd_cython_darwin_39_64.ThreadTracer.__call__
  File "_pydevd_bundle/pydevd_cython_darwin_39_64.pyx", line 1103, in _pydevd_bundle.pydevd_cython_darwin_39_64.PyDBFrame.trace_dispatch
  File "_pydevd_bundle/pydevd_cython_darwin_39_64.pyx", line 1065, in _pydevd_bundle.pydevd_cython_darwin_39_64.PyDBFrame.trace_dispatch
  File "_pydevd_bundle/pydevd_cython_darwin_39_64.pyx", line 585, in _pydevd_bundle.pydevd_cython_darwin_39_64.PyDBFrame.do_wait_suspend
  File "/Applications/PyCharm.app/Contents/plugins/python/helpers/pydev/pydevd.py", line 1184, in do_wait_suspend
    self._do_wait_suspend(thread, frame, event, arg, suspend_type, from_this_thread)
  File "/Applications/PyCharm.app/Contents/plugins/python/helpers/pydev/pydevd.py", line 1199, in _do_wait_suspend
    time.sleep(0.01)
KeyboardInterrupt

2024-02-22 14:42:20 begin
2024-02-22 14:42:21 跳转网页https://liansai.500.com/zuqiu-6901/
2024-02-22 14:43:21 跳转网页https://odds.500.com/fenxi/shuju-1100009.shtml
2024-02-22 14:44:08 begin
2024-02-22 14:44:37 跳转网页https://liansai.500.com/zuqiu-6901/
2024-02-22 14:45:10 跳转网页https://odds.500.com/fenxi/shuju-1100009.shtml
2024-02-22 14:48:14 Traceback (most recent call last):
  File "/Users/lzk/PycharmProjects/zucai/pyscripts/spider/main.py", line 26, in <module>
    finish = re.begin()
  File "/Users/lzk/PycharmProjects/zucai/pyscripts/spider/Reptile.py", line 285, in begin
    self.get_season_data(driver, season_url_list[j], sche)
  File "/Users/lzk/PycharmProjects/zucai/pyscripts/spider/Reptile.py", line 58, in get_season_data
    self.get_round_data(driver, url, cur_round_index)  # 回来后还是 cur_round_index
  File "/Users/lzk/PycharmProjects/zucai/pyscripts/spider/Reptile.py", line 97, in get_round_data
    self.get_match_data(driver, match_status)
  File "/Users/lzk/PycharmProjects/zucai/pyscripts/spider/Reptile.py", line 109, in get_match_data
    score_str = driver.find_element(By.XPATH,
  File "/Users/lzk/PycharmProjects/zucai/venv/lib/python3.9/site-packages/selenium/webdriver/remote/webdriver.py", line 741, in find_element
    return self.execute(Command.FIND_ELEMENT, {"using": by, "value": value})["value"]
  File "/Users/lzk/PycharmProjects/zucai/venv/lib/python3.9/site-packages/selenium/webdriver/remote/webdriver.py", line 347, in execute
    self.error_handler.check_response(response)
  File "/Users/lzk/PycharmProjects/zucai/venv/lib/python3.9/site-packages/selenium/webdriver/remote/errorhandler.py", line 229, in check_response
    raise exception_class(message, screen, stacktrace)
selenium.common.exceptions.NoSuchElementException: Message: no such element: Unable to locate element: {"method":"xpath","selector":"//div[@class="odds_hd_center"]/p[@class="odds_hd_bf"]/strong"}
  (Session info: chrome-headless-shell=121.0.6167.184); For documentation on this error, please visit: https://www.selenium.dev/documentation/webdriver/troubleshooting/errors#no-such-element-exception
Stacktrace:
0   chromedriver                        0x0000000104eee7dc chromedriver + 4040668
1   chromedriver                        0x0000000104ee69e0 chromedriver + 4008416
2   chromedriver                        0x0000000104b59870 chromedriver + 284784
3   chromedriver                        0x0000000104b9d080 chromedriver + 561280
4   chromedriver                        0x0000000104bd7048 chromedriver + 798792
5   chromedriver                        0x0000000104b9174c chromedriver + 513868
6   chromedriver                        0x0000000104b92044 chromedriver + 516164
7   chromedriver                        0x0000000104eb3a04 chromedriver + 3799556
8   chromedriver                        0x0000000104eb7ee4 chromedriver + 3817188
9   chromedriver                        0x0000000104e9c260 chromedriver + 3703392
10  chromedriver                        0x0000000104eb8a2c chromedriver + 3820076
11  chromedriver                        0x0000000104e8f01c chromedriver + 3649564
12  chromedriver                        0x0000000104ed5e3c chromedriver + 3939900
13  chromedriver                        0x0000000104ed5fb4 chromedriver + 3940276
14  chromedriver                        0x0000000104ee6660 chromedriver + 4007520
15  libsystem_pthread.dylib             0x00000001a65ebfa8 _pthread_start + 148
16  libsystem_pthread.dylib             0x00000001a65e6da0 thread_start + 8


2024-02-22 14:51:52 Traceback (most recent call last):
  File "/Users/lzk/PycharmProjects/zucai/pyscripts/spider/main.py", line 26, in <module>
    finish = re.begin()
  File "/Users/lzk/PycharmProjects/zucai/pyscripts/spider/main.py", line 26, in <module>
    finish = re.begin()
  File "_pydevd_bundle/pydevd_cython_darwin_39_64.pyx", line 1187, in _pydevd_bundle.pydevd_cython_darwin_39_64.SafeCallWrapper.__call__
  File "_pydevd_bundle/pydevd_cython_darwin_39_64.pyx", line 627, in _pydevd_bundle.pydevd_cython_darwin_39_64.PyDBFrame.trace_dispatch
  File "_pydevd_bundle/pydevd_cython_darwin_39_64.pyx", line 937, in _pydevd_bundle.pydevd_cython_darwin_39_64.PyDBFrame.trace_dispatch
  File "_pydevd_bundle/pydevd_cython_darwin_39_64.pyx", line 928, in _pydevd_bundle.pydevd_cython_darwin_39_64.PyDBFrame.trace_dispatch
  File "_pydevd_bundle/pydevd_cython_darwin_39_64.pyx", line 585, in _pydevd_bundle.pydevd_cython_darwin_39_64.PyDBFrame.do_wait_suspend
  File "/Applications/PyCharm.app/Contents/plugins/python/helpers/pydev/pydevd.py", line 1184, in do_wait_suspend
    self._do_wait_suspend(thread, frame, event, arg, suspend_type, from_this_thread)
  File "/Applications/PyCharm.app/Contents/plugins/python/helpers/pydev/pydevd.py", line 1199, in _do_wait_suspend
    time.sleep(0.01)
KeyboardInterrupt

2024-02-22 15:03:18 begin
2024-02-22 15:03:19 跳转网页https://liansai.500.com/zuqiu-6901/
2024-02-22 15:22:57 Traceback (most recent call last):
  File "/Users/lzk/PycharmProjects/zucai/pyscripts/spider/main.py", line 26, in <module>
    finish = re.begin()
  File "/Users/lzk/PycharmProjects/zucai/pyscripts/spider/Reptile.py", line 287, in begin
    self.get_season_data(driver, season_url_list[j], sche)
  File "/Users/lzk/PycharmProjects/zucai/pyscripts/spider/Reptile.py", line 58, in get_season_data
    time.sleep(3)
KeyboardInterrupt

2024-02-22 15:23:27 begin
2024-02-22 15:23:29 跳转网页https://liansai.500.com/zuqiu-6901/
2024-02-22 15:23:53 跳转网页https://odds.500.com/fenxi/shuju-1100009.shtml
2024-02-22 15:24:08 Traceback (most recent call last):
  File "/Users/lzk/PycharmProjects/zucai/pyscripts/spider/main.py", line 26, in <module>
    finish = re.begin()
  File "/Users/lzk/PycharmProjects/zucai/pyscripts/spider/Reptile.py", line 287, in begin
    self.get_season_data(driver, season_url_list[j], sche)
  File "/Users/lzk/PycharmProjects/zucai/pyscripts/spider/Reptile.py", line 60, in get_season_data
    self.get_round_data(driver, url, cur_round_index)  # 回来后还是 cur_round_index
  File "/Users/lzk/PycharmProjects/zucai/pyscripts/spider/Reptile.py", line 99, in get_round_data
    self.get_match_data(driver, match_status)
  File "/Users/lzk/PycharmProjects/zucai/pyscripts/spider/Reptile.py", line 111, in get_match_data
    score_str = driver.find_element(By.XPATH,
  File "/Users/lzk/PycharmProjects/zucai/venv/lib/python3.9/site-packages/selenium/webdriver/remote/webdriver.py", line 741, in find_element
    return self.execute(Command.FIND_ELEMENT, {"using": by, "value": value})["value"]
  File "/Users/lzk/PycharmProjects/zucai/venv/lib/python3.9/site-packages/selenium/webdriver/remote/webdriver.py", line 347, in execute
    self.error_handler.check_response(response)
  File "/Users/lzk/PycharmProjects/zucai/venv/lib/python3.9/site-packages/selenium/webdriver/remote/errorhandler.py", line 229, in check_response
    raise exception_class(message, screen, stacktrace)
selenium.common.exceptions.NoSuchElementException: Message: no such element: Unable to locate element: {"method":"xpath","selector":"//div[@class="odds_hd_center"]/p[@class="odds_hd_bf"]/strong"}
  (Session info: chrome-headless-shell=121.0.6167.184); For documentation on this error, please visit: https://www.selenium.dev/documentation/webdriver/troubleshooting/errors#no-such-element-exception
Stacktrace:
0   chromedriver                        0x0000000102fbe7dc chromedriver + 4040668
1   chromedriver                        0x0000000102fb69e0 chromedriver + 4008416
2   chromedriver                        0x0000000102c29870 chromedriver + 284784
3   chromedriver                        0x0000000102c6d080 chromedriver + 561280
4   chromedriver                        0x0000000102ca7048 chromedriver + 798792
5   chromedriver                        0x0000000102c6174c chromedriver + 513868
6   chromedriver                        0x0000000102c62044 chromedriver + 516164
7   chromedriver                        0x0000000102f83a04 chromedriver + 3799556
8   chromedriver                        0x0000000102f87ee4 chromedriver + 3817188
9   chromedriver                        0x0000000102f6c260 chromedriver + 3703392
10  chromedriver                        0x0000000102f88a2c chromedriver + 3820076
11  chromedriver                        0x0000000102f5f01c chromedriver + 3649564
12  chromedriver                        0x0000000102fa5e3c chromedriver + 3939900
13  chromedriver                        0x0000000102fa5fb4 chromedriver + 3940276
14  chromedriver                        0x0000000102fb6660 chromedriver + 4007520
15  libsystem_pthread.dylib             0x00000001a65ebfa8 _pthread_start + 148
16  libsystem_pthread.dylib             0x00000001a65e6da0 thread_start + 8


2024-02-22 15:25:42 begin
2024-02-22 15:25:44 跳转网页https://liansai.500.com/zuqiu-6901/
2024-02-22 15:26:09 跳转网页https://odds.500.com/fenxi/shuju-1100009.shtml
2024-02-22 15:26:27 Traceback (most recent call last):
  File "/Users/lzk/PycharmProjects/zucai/pyscripts/spider/main.py", line 26, in <module>
    finish = re.begin()
  File "/Users/lzk/PycharmProjects/zucai/pyscripts/spider/Reptile.py", line 284, in begin
    self.get_season_data(driver, season_url_list[j], sche)
  File "/Users/lzk/PycharmProjects/zucai/pyscripts/spider/Reptile.py", line 57, in get_season_data
    self.get_round_data(driver, url, cur_round_index)  # 回来后还是 cur_round_index
  File "/Users/lzk/PycharmProjects/zucai/pyscripts/spider/Reptile.py", line 96, in get_round_data
    self.get_match_data(driver, match_status)
  File "/Users/lzk/PycharmProjects/zucai/pyscripts/spider/Reptile.py", line 108, in get_match_data
    score_str = driver.find_element(By.XPATH,
  File "/Users/lzk/PycharmProjects/zucai/venv/lib/python3.9/site-packages/selenium/webdriver/remote/webdriver.py", line 741, in find_element
    return self.execute(Command.FIND_ELEMENT, {"using": by, "value": value})["value"]
  File "/Users/lzk/PycharmProjects/zucai/venv/lib/python3.9/site-packages/selenium/webdriver/remote/webdriver.py", line 347, in execute
    self.error_handler.check_response(response)
  File "/Users/lzk/PycharmProjects/zucai/venv/lib/python3.9/site-packages/selenium/webdriver/remote/errorhandler.py", line 229, in check_response
    raise exception_class(message, screen, stacktrace)
selenium.common.exceptions.NoSuchElementException: Message: no such element: Unable to locate element: {"method":"xpath","selector":"//div[@class="odds_hd_center"]/p[@class="odds_hd_bf"]/strong"}
  (Session info: chrome-headless-shell=121.0.6167.184); For documentation on this error, please visit: https://www.selenium.dev/documentation/webdriver/troubleshooting/errors#no-such-element-exception
Stacktrace:
0   chromedriver                        0x0000000100c327dc chromedriver + 4040668
1   chromedriver                        0x0000000100c2a9e0 chromedriver + 4008416
2   chromedriver                        0x000000010089d870 chromedriver + 284784
3   chromedriver                        0x00000001008e1080 chromedriver + 561280
4   chromedriver                        0x000000010091b048 chromedriver + 798792
5   chromedriver                        0x00000001008d574c chromedriver + 513868
6   chromedriver                        0x00000001008d6044 chromedriver + 516164
7   chromedriver                        0x0000000100bf7a04 chromedriver + 3799556
8   chromedriver                        0x0000000100bfbee4 chromedriver + 3817188
9   chromedriver                        0x0000000100be0260 chromedriver + 3703392
10  chromedriver                        0x0000000100bfca2c chromedriver + 3820076
11  chromedriver                        0x0000000100bd301c chromedriver + 3649564
12  chromedriver                        0x0000000100c19e3c chromedriver + 3939900
13  chromedriver                        0x0000000100c19fb4 chromedriver + 3940276
14  chromedriver                        0x0000000100c2a660 chromedriver + 4007520
15  libsystem_pthread.dylib             0x00000001a65ebfa8 _pthread_start + 148
16  libsystem_pthread.dylib             0x00000001a65e6da0 thread_start + 8


2024-02-22 15:26:57 begin
2024-02-22 15:26:59 跳转网页https://liansai.500.com/zuqiu-6901/
2024-02-22 15:27:16 Traceback (most recent call last):
  File "/Users/lzk/PycharmProjects/zucai/pyscripts/spider/main.py", line 26, in <module>
    finish = re.begin()
  File "/Users/lzk/PycharmProjects/zucai/pyscripts/spider/Reptile.py", line 284, in begin
    self.get_season_data(driver, season_url_list[j], sche)
  File "/Users/lzk/PycharmProjects/zucai/pyscripts/spider/Reptile.py", line 55, in get_season_data
    time.sleep(3)
KeyboardInterrupt

2024-02-22 15:27:20 begin
2024-02-22 15:27:21 跳转网页https://liansai.500.com/zuqiu-6901/
2024-02-22 15:27:38 begin
2024-02-22 15:27:45 跳转网页https://liansai.500.com/zuqiu-6901/
2024-02-22 15:28:10 跳转网页https://odds.500.com/fenxi/shuju-1100009.shtml
2024-02-22 15:36:44 Traceback (most recent call last):
  File "/Users/lzk/PycharmProjects/zucai/pyscripts/spider/main.py", line 26, in <module>
    finish = re.begin()
  File "/Users/lzk/PycharmProjects/zucai/pyscripts/spider/Reptile.py", line 284, in begin
    self.get_season_data(driver, season_url_list[j], sche)
  File "/Users/lzk/PycharmProjects/zucai/pyscripts/spider/Reptile.py", line 57, in get_season_data
    self.get_round_data(driver, url, cur_round_index)  # 回来后还是 cur_round_index
  File "/Users/lzk/PycharmProjects/zucai/pyscripts/spider/Reptile.py", line 96, in get_round_data
    self.get_match_data(driver, match_status)
  File "/Users/lzk/PycharmProjects/zucai/pyscripts/spider/Reptile.py", line 108, in get_match_data
    score_str = driver.find_element(By.XPATH,
  File "/Users/lzk/PycharmProjects/zucai/pyscripts/spider/Reptile.py", line 108, in get_match_data
    score_str = driver.find_element(By.XPATH,
  File "_pydevd_bundle/pydevd_cython_darwin_39_64.pyx", line 1597, in _pydevd_bundle.pydevd_cython_darwin_39_64.ThreadTracer.__call__
  File "_pydevd_bundle/pydevd_cython_darwin_39_64.pyx", line 937, in _pydevd_bundle.pydevd_cython_darwin_39_64.PyDBFrame.trace_dispatch
  File "_pydevd_bundle/pydevd_cython_darwin_39_64.pyx", line 928, in _pydevd_bundle.pydevd_cython_darwin_39_64.PyDBFrame.trace_dispatch
  File "_pydevd_bundle/pydevd_cython_darwin_39_64.pyx", line 585, in _pydevd_bundle.pydevd_cython_darwin_39_64.PyDBFrame.do_wait_suspend
  File "/Applications/PyCharm.app/Contents/plugins/python/helpers/pydev/pydevd.py", line 1184, in do_wait_suspend
    self._do_wait_suspend(thread, frame, event, arg, suspend_type, from_this_thread)
  File "/Applications/PyCharm.app/Contents/plugins/python/helpers/pydev/pydevd.py", line 1199, in _do_wait_suspend
    time.sleep(0.01)
KeyboardInterrupt

2024-02-22 15:37:14 begin
2024-02-22 15:37:16 跳转网页https://liansai.500.com/zuqiu-6901/
2024-02-22 15:37:40 跳转网页https://odds.500.com/fenxi/shuju-1100009.shtml
2024-02-22 15:37:56 Traceback (most recent call last):
  File "/Users/lzk/PycharmProjects/zucai/pyscripts/spider/main.py", line 26, in <module>
    finish = re.begin()
  File "/Users/lzk/PycharmProjects/zucai/pyscripts/spider/Reptile.py", line 284, in begin
    self.get_season_data(driver, season_url_list[j], sche)
  File "/Users/lzk/PycharmProjects/zucai/pyscripts/spider/Reptile.py", line 57, in get_season_data
    self.get_round_data(driver, url, cur_round_index)  # 回来后还是 cur_round_index
  File "/Users/lzk/PycharmProjects/zucai/pyscripts/spider/Reptile.py", line 96, in get_round_data
    self.get_match_data(driver, match_status)
  File "/Users/lzk/PycharmProjects/zucai/pyscripts/spider/Reptile.py", line 107, in get_match_data
    def get_match_data(self, driver: webdriver.chrome, match_status: MatchStatus):
  File "/Users/lzk/PycharmProjects/zucai/venv/lib/python3.9/site-packages/selenium/webdriver/remote/webdriver.py", line 741, in find_element
    return self.execute(Command.FIND_ELEMENT, {"using": by, "value": value})["value"]
  File "/Users/lzk/PycharmProjects/zucai/venv/lib/python3.9/site-packages/selenium/webdriver/remote/webdriver.py", line 347, in execute
    self.error_handler.check_response(response)
  File "/Users/lzk/PycharmProjects/zucai/venv/lib/python3.9/site-packages/selenium/webdriver/remote/errorhandler.py", line 229, in check_response
    raise exception_class(message, screen, stacktrace)
selenium.common.exceptions.NoSuchElementException: Message: no such element: Unable to locate element: {"method":"xpath","selector":"//div[@class="odds_hd_center"]/p[@class="odds_hd_bf"]/strong"}
  (Session info: chrome-headless-shell=121.0.6167.184); For documentation on this error, please visit: https://www.selenium.dev/documentation/webdriver/troubleshooting/errors#no-such-element-exception
Stacktrace:
0   chromedriver                        0x000000010101a7dc chromedriver + 4040668
1   chromedriver                        0x00000001010129e0 chromedriver + 4008416
2   chromedriver                        0x0000000100c85870 chromedriver + 284784
3   chromedriver                        0x0000000100cc9080 chromedriver + 561280
4   chromedriver                        0x0000000100d03048 chromedriver + 798792
5   chromedriver                        0x0000000100cbd74c chromedriver + 513868
6   chromedriver                        0x0000000100cbe044 chromedriver + 516164
7   chromedriver                        0x0000000100fdfa04 chromedriver + 3799556
8   chromedriver                        0x0000000100fe3ee4 chromedriver + 3817188
9   chromedriver                        0x0000000100fc8260 chromedriver + 3703392
10  chromedriver                        0x0000000100fe4a2c chromedriver + 3820076
11  chromedriver                        0x0000000100fbb01c chromedriver + 3649564
12  chromedriver                        0x0000000101001e3c chromedriver + 3939900
13  chromedriver                        0x0000000101001fb4 chromedriver + 3940276
14  chromedriver                        0x0000000101012660 chromedriver + 4007520
15  libsystem_pthread.dylib             0x00000001a65ebfa8 _pthread_start + 148
16  libsystem_pthread.dylib             0x00000001a65e6da0 thread_start + 8


2024-02-22 15:38:26 begin
2024-02-22 15:38:27 跳转网页https://liansai.500.com/zuqiu-6901/
2024-02-22 15:38:52 跳转网页https://odds.500.com/fenxi/shuju-1100009.shtml
2024-02-22 15:39:08 Traceback (most recent call last):
  File "/Users/lzk/PycharmProjects/zucai/pyscripts/spider/main.py", line 26, in <module>
    finish = re.begin()
  File "/Users/lzk/PycharmProjects/zucai/pyscripts/spider/Reptile.py", line 284, in begin
    self.get_season_data(driver, season_url_list[j], sche)
  File "/Users/lzk/PycharmProjects/zucai/pyscripts/spider/Reptile.py", line 57, in get_season_data
    self.get_round_data(driver, url, cur_round_index)  # 回来后还是 cur_round_index
  File "/Users/lzk/PycharmProjects/zucai/pyscripts/spider/Reptile.py", line 96, in get_round_data
    self.get_match_data(driver, match_status)
  File "/Users/lzk/PycharmProjects/zucai/pyscripts/spider/Reptile.py", line 107, in get_match_data
    def get_match_data(self, driver: webdriver.chrome, match_status: MatchStatus):
  File "/Users/lzk/PycharmProjects/zucai/venv/lib/python3.9/site-packages/selenium/webdriver/remote/webdriver.py", line 741, in find_element
    return self.execute(Command.FIND_ELEMENT, {"using": by, "value": value})["value"]
  File "/Users/lzk/PycharmProjects/zucai/venv/lib/python3.9/site-packages/selenium/webdriver/remote/webdriver.py", line 347, in execute
    self.error_handler.check_response(response)
  File "/Users/lzk/PycharmProjects/zucai/venv/lib/python3.9/site-packages/selenium/webdriver/remote/errorhandler.py", line 229, in check_response
    raise exception_class(message, screen, stacktrace)
selenium.common.exceptions.NoSuchElementException: Message: no such element: Unable to locate element: {"method":"xpath","selector":"//div[@class="odds_hd_center"]/p[@class="odds_hd_bf"]/strong"}
  (Session info: chrome-headless-shell=121.0.6167.184); For documentation on this error, please visit: https://www.selenium.dev/documentation/webdriver/troubleshooting/errors#no-such-element-exception
Stacktrace:
0   chromedriver                        0x0000000104e8e7dc chromedriver + 4040668
1   chromedriver                        0x0000000104e869e0 chromedriver + 4008416
2   chromedriver                        0x0000000104af9870 chromedriver + 284784
3   chromedriver                        0x0000000104b3d080 chromedriver + 561280
4   chromedriver                        0x0000000104b77048 chromedriver + 798792
5   chromedriver                        0x0000000104b3174c chromedriver + 513868
6   chromedriver                        0x0000000104b32044 chromedriver + 516164
7   chromedriver                        0x0000000104e53a04 chromedriver + 3799556
8   chromedriver                        0x0000000104e57ee4 chromedriver + 3817188
9   chromedriver                        0x0000000104e3c260 chromedriver + 3703392
10  chromedriver                        0x0000000104e58a2c chromedriver + 3820076
11  chromedriver                        0x0000000104e2f01c chromedriver + 3649564
12  chromedriver                        0x0000000104e75e3c chromedriver + 3939900
13  chromedriver                        0x0000000104e75fb4 chromedriver + 3940276
14  chromedriver                        0x0000000104e86660 chromedriver + 4007520
15  libsystem_pthread.dylib             0x00000001a65ebfa8 _pthread_start + 148
16  libsystem_pthread.dylib             0x00000001a65e6da0 thread_start + 8


2024-02-29 15:33:24 begin
2024-02-29 15:36:20 跳转网页https://liansai.500.com/zuqiu-6901/
2024-02-29 15:36:46 跳转网页https://odds.500.com/fenxi/shuju-1100012.shtml
2024-02-29 15:40:44 Traceback (most recent call last):
  File "/Users/lzk/PycharmProjects/zucai/pyscripts/spider/main.py", line 26, in <module>
    finish = re.begin()
  File "/Users/lzk/PycharmProjects/zucai/pyscripts/spider/Reptile.py", line 284, in begin
    self.get_season_data(driver, season_url_list[j], sche)
  File "/Users/lzk/PycharmProjects/zucai/pyscripts/spider/Reptile.py", line 57, in get_season_data
    self.get_round_data(driver, url, cur_round_index)  # 回来后还是 cur_round_index
  File "/Users/lzk/PycharmProjects/zucai/pyscripts/spider/Reptile.py", line 96, in get_round_data
    self.get_match_data(driver, match_status)
  File "/Users/lzk/PycharmProjects/zucai/pyscripts/spider/Reptile.py", line 108, in get_match_data
    score_str = driver.find_element(By.XPATH,
  File "/Users/lzk/PycharmProjects/zucai/pyscripts/spider/Reptile.py", line 108, in get_match_data
    score_str = driver.find_element(By.XPATH,
  File "_pydevd_bundle/pydevd_cython_darwin_39_64.pyx", line 1597, in _pydevd_bundle.pydevd_cython_darwin_39_64.ThreadTracer.__call__
  File "_pydevd_bundle/pydevd_cython_darwin_39_64.pyx", line 937, in _pydevd_bundle.pydevd_cython_darwin_39_64.PyDBFrame.trace_dispatch
  File "_pydevd_bundle/pydevd_cython_darwin_39_64.pyx", line 928, in _pydevd_bundle.pydevd_cython_darwin_39_64.PyDBFrame.trace_dispatch
  File "_pydevd_bundle/pydevd_cython_darwin_39_64.pyx", line 585, in _pydevd_bundle.pydevd_cython_darwin_39_64.PyDBFrame.do_wait_suspend
  File "/Applications/PyCharm.app/Contents/plugins/python/helpers/pydev/pydevd.py", line 1184, in do_wait_suspend
    self._do_wait_suspend(thread, frame, event, arg, suspend_type, from_this_thread)
  File "/Applications/PyCharm.app/Contents/plugins/python/helpers/pydev/pydevd.py", line 1199, in _do_wait_suspend
    time.sleep(0.01)
KeyboardInterrupt

2024-02-29 15:46:18 begin
2024-02-29 15:47:14 跳转网页https://liansai.500.com/zuqiu-6901/
2024-02-29 15:49:54 跳转网页https://odds.500.com/fenxi/shuju-1100012.shtml
2024-02-29 15:50:43 Traceback (most recent call last):
  File "/Users/lzk/PycharmProjects/zucai/pyscripts/spider/main.py", line 26, in <module>
    finish = re.begin()
  File "/Users/lzk/PycharmProjects/zucai/pyscripts/spider/Reptile.py", line 284, in begin
    self.get_season_data(driver, season_url_list[j], sche)
  File "/Users/lzk/PycharmProjects/zucai/pyscripts/spider/Reptile.py", line 57, in get_season_data
    self.get_round_data(driver, url, cur_round_index)  # 回来后还是 cur_round_index
  File "/Users/lzk/PycharmProjects/zucai/pyscripts/spider/Reptile.py", line 96, in get_round_data
    self.get_match_data(driver, match_status)
  File "/Users/lzk/PycharmProjects/zucai/pyscripts/spider/Reptile.py", line 108, in get_match_data
    score_str = driver.find_element(By.XPATH,
  File "/Users/lzk/PycharmProjects/zucai/venv/lib/python3.9/site-packages/selenium/webdriver/remote/webdriver.py", line 741, in find_element
    return self.execute(Command.FIND_ELEMENT, {"using": by, "value": value})["value"]
  File "/Users/lzk/PycharmProjects/zucai/venv/lib/python3.9/site-packages/selenium/webdriver/remote/webdriver.py", line 347, in execute
    self.error_handler.check_response(response)
  File "/Users/lzk/PycharmProjects/zucai/venv/lib/python3.9/site-packages/selenium/webdriver/remote/errorhandler.py", line 229, in check_response
    raise exception_class(message, screen, stacktrace)
selenium.common.exceptions.NoSuchElementException: Message: no such element: Unable to locate element: {"method":"xpath","selector":"//div[@class="odds_hd_center"]/p[@class="odds_hd_bf"]/strong"}
  (Session info: chrome-headless-shell=122.0.6261.69); For documentation on this error, please visit: https://www.selenium.dev/documentation/webdriver/troubleshooting/errors#no-such-element-exception
Stacktrace:
0   chromedriver                        0x000000010284e7dc chromedriver + 4040668
1   chromedriver                        0x00000001028469e0 chromedriver + 4008416
2   chromedriver                        0x00000001024b9870 chromedriver + 284784
3   chromedriver                        0x00000001024fd080 chromedriver + 561280
4   chromedriver                        0x0000000102537048 chromedriver + 798792
5   chromedriver                        0x00000001024f174c chromedriver + 513868
6   chromedriver                        0x00000001024f2044 chromedriver + 516164
7   chromedriver                        0x0000000102813a04 chromedriver + 3799556
8   chromedriver                        0x0000000102817ee4 chromedriver + 3817188
9   chromedriver                        0x00000001027fc260 chromedriver + 3703392
10  chromedriver                        0x0000000102818a2c chromedriver + 3820076
11  chromedriver                        0x00000001027ef01c chromedriver + 3649564
12  chromedriver                        0x0000000102835e3c chromedriver + 3939900
13  chromedriver                        0x0000000102835fb4 chromedriver + 3940276
14  chromedriver                        0x0000000102846660 chromedriver + 4007520
15  libsystem_pthread.dylib             0x00000001a65ebfa8 _pthread_start + 148
16  libsystem_pthread.dylib             0x00000001a65e6da0 thread_start + 8


2024-02-29 15:51:42 begin
2024-02-29 15:51:48 跳转网页https://liansai.500.com/zuqiu-6901/
2024-02-29 15:54:06 跳转网页https://odds.500.com/fenxi/shuju-1100012.shtml
2024-02-29 16:02:29 Traceback (most recent call last):
  File "/Users/lzk/PycharmProjects/zucai/pyscripts/spider/main.py", line 26, in <module>
    finish = re.begin()
  File "/Users/lzk/PycharmProjects/zucai/pyscripts/spider/Reptile.py", line 284, in begin
  File "/Users/lzk/PycharmProjects/zucai/pyscripts/spider/Reptile.py", line 57, in get_season_data
    self.get_round_data(driver, url, cur_round_index)  # 回来后还是 cur_round_index
  File "/Users/lzk/PycharmProjects/zucai/pyscripts/spider/Reptile.py", line 96, in get_round_data
    self.get_match_data(driver, match_status)
  File "/Users/lzk/PycharmProjects/zucai/pyscripts/spider/Reptile.py", line 108, in get_match_data
    score_str = driver.find_element(By.XPATH,
  File "/Users/lzk/PycharmProjects/zucai/venv/lib/python3.9/site-packages/selenium/webdriver/remote/webdriver.py", line 741, in find_element
    return self.execute(Command.FIND_ELEMENT, {"using": by, "value": value})["value"]
  File "/Users/lzk/PycharmProjects/zucai/venv/lib/python3.9/site-packages/selenium/webdriver/remote/webdriver.py", line 347, in execute
    self.error_handler.check_response(response)
  File "/Users/lzk/PycharmProjects/zucai/venv/lib/python3.9/site-packages/selenium/webdriver/remote/errorhandler.py", line 229, in check_response
    raise exception_class(message, screen, stacktrace)
selenium.common.exceptions.NoSuchElementException: Message: no such element: Unable to locate element: {"method":"xpath","selector":"//div[@class="odds_hd_center"]/p[@class="odds_hd_bf"]/strong"}
  (Session info: chrome-headless-shell=122.0.6261.69); For documentation on this error, please visit: https://www.selenium.dev/documentation/webdriver/troubleshooting/errors#no-such-element-exception
Stacktrace:
0   chromedriver                        0x000000010040a7dc chromedriver + 4040668
1   chromedriver                        0x00000001004029e0 chromedriver + 4008416
2   chromedriver                        0x0000000100075870 chromedriver + 284784
3   chromedriver                        0x00000001000b9080 chromedriver + 561280
4   chromedriver                        0x00000001000f3048 chromedriver + 798792
5   chromedriver                        0x00000001000ad74c chromedriver + 513868
6   chromedriver                        0x00000001000ae044 chromedriver + 516164
7   chromedriver                        0x00000001003cfa04 chromedriver + 3799556
8   chromedriver                        0x00000001003d3ee4 chromedriver + 3817188
9   chromedriver                        0x00000001003b8260 chromedriver + 3703392
10  chromedriver                        0x00000001003d4a2c chromedriver + 3820076
11  chromedriver                        0x00000001003ab01c chromedriver + 3649564
12  chromedriver                        0x00000001003f1e3c chromedriver + 3939900
13  chromedriver                        0x00000001003f1fb4 chromedriver + 3940276
14  chromedriver                        0x0000000100402660 chromedriver + 4007520
15  libsystem_pthread.dylib             0x00000001a65ebfa8 _pthread_start + 148
16  libsystem_pthread.dylib             0x00000001a65e6da0 thread_start + 8


2024-02-29 16:03:05 begin
2024-02-29 16:03:11 跳转网页https://liansai.500.com/zuqiu-6901/
2024-02-29 16:03:44 跳转网页https://odds.500.com/fenxi/shuju-1100012.shtml
2024-02-29 16:09:27 Traceback (most recent call last):
  File "/Users/lzk/PycharmProjects/zucai/pyscripts/spider/main.py", line 26, in <module>
    finish = re.begin()
  File "/Users/lzk/PycharmProjects/zucai/pyscripts/spider/Reptile.py", line 284, in begin
  File "/Users/lzk/PycharmProjects/zucai/pyscripts/spider/Reptile.py", line 57, in get_season_data
    self.get_round_data(driver, url, cur_round_index)  # 回来后还是 cur_round_index
  File "/Users/lzk/PycharmProjects/zucai/pyscripts/spider/Reptile.py", line 96, in get_round_data
    self.get_match_data(driver, match_status)
  File "/Users/lzk/PycharmProjects/zucai/pyscripts/spider/Reptile.py", line 108, in get_match_data
    score_str = driver.find_element(By.XPATH,
  File "/Users/lzk/PycharmProjects/zucai/pyscripts/spider/Reptile.py", line 108, in get_match_data
    score_str = driver.find_element(By.XPATH,
  File "_pydevd_bundle/pydevd_cython_darwin_39_64.pyx", line 1597, in _pydevd_bundle.pydevd_cython_darwin_39_64.ThreadTracer.__call__
  File "_pydevd_bundle/pydevd_cython_darwin_39_64.pyx", line 937, in _pydevd_bundle.pydevd_cython_darwin_39_64.PyDBFrame.trace_dispatch
  File "_pydevd_bundle/pydevd_cython_darwin_39_64.pyx", line 928, in _pydevd_bundle.pydevd_cython_darwin_39_64.PyDBFrame.trace_dispatch
  File "_pydevd_bundle/pydevd_cython_darwin_39_64.pyx", line 585, in _pydevd_bundle.pydevd_cython_darwin_39_64.PyDBFrame.do_wait_suspend
  File "/Applications/PyCharm.app/Contents/plugins/python/helpers/pydev/pydevd.py", line 1184, in do_wait_suspend
    self._do_wait_suspend(thread, frame, event, arg, suspend_type, from_this_thread)
  File "/Applications/PyCharm.app/Contents/plugins/python/helpers/pydev/pydevd.py", line 1199, in _do_wait_suspend
    time.sleep(0.01)
KeyboardInterrupt

2024-02-29 16:09:57 begin
2024-02-29 16:09:59 跳转网页https://liansai.500.com/zuqiu-6901/
2024-02-29 16:10:24 跳转网页https://odds.500.com/fenxi/shuju-1100012.shtml
2024-02-29 16:10:41 Traceback (most recent call last):
  File "/Users/lzk/PycharmProjects/zucai/pyscripts/spider/main.py", line 26, in <module>
    finish = re.begin()
  File "/Users/lzk/PycharmProjects/zucai/pyscripts/spider/Reptile.py", line 284, in begin
  File "/Users/lzk/PycharmProjects/zucai/pyscripts/spider/Reptile.py", line 48, in get_season_data
    def get_season_data(self, driver: webdriver.chrome, url: str, sche: Schedule):
  File "/Users/lzk/PycharmProjects/zucai/pyscripts/spider/Reptile.py", line 74, in get_round_data
    def get_round_data(self, driver: webdriver.chrome, url: str, round_index: int):
  File "/Users/lzk/PycharmProjects/zucai/pyscripts/spider/Reptile.py", line 107, in get_match_data
    def get_match_data(self, driver: webdriver.chrome, match_status: MatchStatus):
  File "/Users/lzk/PycharmProjects/zucai/venv/lib/python3.9/site-packages/selenium/webdriver/remote/webdriver.py", line 741, in find_element
    return self.execute(Command.FIND_ELEMENT, {"using": by, "value": value})["value"]
  File "/Users/lzk/PycharmProjects/zucai/venv/lib/python3.9/site-packages/selenium/webdriver/remote/webdriver.py", line 347, in execute
    self.error_handler.check_response(response)
  File "/Users/lzk/PycharmProjects/zucai/venv/lib/python3.9/site-packages/selenium/webdriver/remote/errorhandler.py", line 229, in check_response
    raise exception_class(message, screen, stacktrace)
selenium.common.exceptions.NoSuchElementException: Message: no such element: Unable to locate element: {"method":"xpath","selector":"//div[@class="odds_hd_center"]/p[@class="odds_hd_bf"]/strong"}
  (Session info: chrome-headless-shell=122.0.6261.69); For documentation on this error, please visit: https://www.selenium.dev/documentation/webdriver/troubleshooting/errors#no-such-element-exception
Stacktrace:
0   chromedriver                        0x000000010301e7dc chromedriver + 4040668
1   chromedriver                        0x00000001030169e0 chromedriver + 4008416
2   chromedriver                        0x0000000102c89870 chromedriver + 284784
3   chromedriver                        0x0000000102ccd080 chromedriver + 561280
4   chromedriver                        0x0000000102d07048 chromedriver + 798792
5   chromedriver                        0x0000000102cc174c chromedriver + 513868
6   chromedriver                        0x0000000102cc2044 chromedriver + 516164
7   chromedriver                        0x0000000102fe3a04 chromedriver + 3799556
8   chromedriver                        0x0000000102fe7ee4 chromedriver + 3817188
9   chromedriver                        0x0000000102fcc260 chromedriver + 3703392
10  chromedriver                        0x0000000102fe8a2c chromedriver + 3820076
11  chromedriver                        0x0000000102fbf01c chromedriver + 3649564
12  chromedriver                        0x0000000103005e3c chromedriver + 3939900
13  chromedriver                        0x0000000103005fb4 chromedriver + 3940276
14  chromedriver                        0x0000000103016660 chromedriver + 4007520
15  libsystem_pthread.dylib             0x00000001a65ebfa8 _pthread_start + 148
16  libsystem_pthread.dylib             0x00000001a65e6da0 thread_start + 8


2024-02-29 16:11:11 begin
2024-02-29 16:11:13 跳转网页https://liansai.500.com/zuqiu-6901/
2024-02-29 16:11:38 跳转网页https://odds.500.com/fenxi/shuju-1100012.shtml
2024-02-29 16:11:58 Traceback (most recent call last):
  File "/Users/lzk/PycharmProjects/zucai/pyscripts/spider/main.py", line 26, in <module>
    finish = re.begin()
  File "/Users/lzk/PycharmProjects/zucai/pyscripts/spider/Reptile.py", line 284, in begin
  File "/Users/lzk/PycharmProjects/zucai/pyscripts/spider/Reptile.py", line 48, in get_season_data
    def get_season_data(self, driver: webdriver.chrome, url: str, sche: Schedule):
  File "/Users/lzk/PycharmProjects/zucai/pyscripts/spider/Reptile.py", line 74, in get_round_data
    def get_round_data(self, driver: webdriver.chrome, url: str, round_index: int):
  File "/Users/lzk/PycharmProjects/zucai/pyscripts/spider/Reptile.py", line 107, in get_match_data
    def get_match_data(self, driver: webdriver.chrome, match_status: MatchStatus):
  File "/Users/lzk/PycharmProjects/zucai/venv/lib/python3.9/site-packages/selenium/webdriver/remote/webdriver.py", line 741, in find_element
    return self.execute(Command.FIND_ELEMENT, {"using": by, "value": value})["value"]
  File "/Users/lzk/PycharmProjects/zucai/venv/lib/python3.9/site-packages/selenium/webdriver/remote/webdriver.py", line 347, in execute
    self.error_handler.check_response(response)
  File "/Users/lzk/PycharmProjects/zucai/venv/lib/python3.9/site-packages/selenium/webdriver/remote/errorhandler.py", line 229, in check_response
    raise exception_class(message, screen, stacktrace)
selenium.common.exceptions.NoSuchElementException: Message: no such element: Unable to locate element: {"method":"xpath","selector":"//div[@class="odds_hd_center"]/p[@class="odds_hd_bf"]/strong"}
  (Session info: chrome-headless-shell=122.0.6261.69); For documentation on this error, please visit: https://www.selenium.dev/documentation/webdriver/troubleshooting/errors#no-such-element-exception
Stacktrace:
0   chromedriver                        0x00000001012067dc chromedriver + 4040668
1   chromedriver                        0x00000001011fe9e0 chromedriver + 4008416
2   chromedriver                        0x0000000100e71870 chromedriver + 284784
3   chromedriver                        0x0000000100eb5080 chromedriver + 561280
4   chromedriver                        0x0000000100eef048 chromedriver + 798792
5   chromedriver                        0x0000000100ea974c chromedriver + 513868
6   chromedriver                        0x0000000100eaa044 chromedriver + 516164
7   chromedriver                        0x00000001011cba04 chromedriver + 3799556
8   chromedriver                        0x00000001011cfee4 chromedriver + 3817188
9   chromedriver                        0x00000001011b4260 chromedriver + 3703392
10  chromedriver                        0x00000001011d0a2c chromedriver + 3820076
11  chromedriver                        0x00000001011a701c chromedriver + 3649564
12  chromedriver                        0x00000001011ede3c chromedriver + 3939900
13  chromedriver                        0x00000001011edfb4 chromedriver + 3940276
14  chromedriver                        0x00000001011fe660 chromedriver + 4007520
15  libsystem_pthread.dylib             0x00000001a65ebfa8 _pthread_start + 148
16  libsystem_pthread.dylib             0x00000001a65e6da0 thread_start + 8


2024-02-29 16:12:28 begin
2024-02-29 16:12:29 跳转网页https://liansai.500.com/zuqiu-6901/
2024-02-29 16:12:54 跳转网页https://odds.500.com/fenxi/shuju-1100012.shtml
2024-02-29 16:13:11 Traceback (most recent call last):
  File "/Users/lzk/PycharmProjects/zucai/pyscripts/spider/main.py", line 26, in <module>
    finish = re.begin()
  File "/Users/lzk/PycharmProjects/zucai/pyscripts/spider/Reptile.py", line 284, in begin
  File "/Users/lzk/PycharmProjects/zucai/pyscripts/spider/Reptile.py", line 48, in get_season_data
    def get_season_data(self, driver: webdriver.chrome, url: str, sche: Schedule):
  File "/Users/lzk/PycharmProjects/zucai/pyscripts/spider/Reptile.py", line 74, in get_round_data
    def get_round_data(self, driver: webdriver.chrome, url: str, round_index: int):
  File "/Users/lzk/PycharmProjects/zucai/pyscripts/spider/Reptile.py", line 107, in get_match_data
    def get_match_data(self, driver: webdriver.chrome, match_status: MatchStatus):
  File "/Users/lzk/PycharmProjects/zucai/venv/lib/python3.9/site-packages/selenium/webdriver/remote/webdriver.py", line 741, in find_element
    return self.execute(Command.FIND_ELEMENT, {"using": by, "value": value})["value"]
  File "/Users/lzk/PycharmProjects/zucai/venv/lib/python3.9/site-packages/selenium/webdriver/remote/webdriver.py", line 347, in execute
    self.error_handler.check_response(response)
  File "/Users/lzk/PycharmProjects/zucai/venv/lib/python3.9/site-packages/selenium/webdriver/remote/errorhandler.py", line 229, in check_response
    raise exception_class(message, screen, stacktrace)
selenium.common.exceptions.NoSuchElementException: Message: no such element: Unable to locate element: {"method":"xpath","selector":"//div[@class="odds_hd_center"]/p[@class="odds_hd_bf"]/strong"}
  (Session info: chrome-headless-shell=122.0.6261.69); For documentation on this error, please visit: https://www.selenium.dev/documentation/webdriver/troubleshooting/errors#no-such-element-exception
Stacktrace:
0   chromedriver                        0x00000001027167dc chromedriver + 4040668
1   chromedriver                        0x000000010270e9e0 chromedriver + 4008416
2   chromedriver                        0x0000000102381870 chromedriver + 284784
3   chromedriver                        0x00000001023c5080 chromedriver + 561280
4   chromedriver                        0x00000001023ff048 chromedriver + 798792
5   chromedriver                        0x00000001023b974c chromedriver + 513868
6   chromedriver                        0x00000001023ba044 chromedriver + 516164
7   chromedriver                        0x00000001026dba04 chromedriver + 3799556
8   chromedriver                        0x00000001026dfee4 chromedriver + 3817188
9   chromedriver                        0x00000001026c4260 chromedriver + 3703392
10  chromedriver                        0x00000001026e0a2c chromedriver + 3820076
11  chromedriver                        0x00000001026b701c chromedriver + 3649564
12  chromedriver                        0x00000001026fde3c chromedriver + 3939900
13  chromedriver                        0x00000001026fdfb4 chromedriver + 3940276
14  chromedriver                        0x000000010270e660 chromedriver + 4007520
15  libsystem_pthread.dylib             0x00000001a65ebfa8 _pthread_start + 148
16  libsystem_pthread.dylib             0x00000001a65e6da0 thread_start + 8


2024-02-29 16:13:41 begin
2024-02-29 16:13:43 跳转网页https://liansai.500.com/zuqiu-6901/
2024-02-29 16:14:08 跳转网页https://odds.500.com/fenxi/shuju-1100012.shtml
2024-02-29 16:14:24 Traceback (most recent call last):
  File "/Users/lzk/PycharmProjects/zucai/pyscripts/spider/main.py", line 26, in <module>
    finish = re.begin()
  File "/Users/lzk/PycharmProjects/zucai/pyscripts/spider/Reptile.py", line 284, in begin
  File "/Users/lzk/PycharmProjects/zucai/pyscripts/spider/Reptile.py", line 48, in get_season_data
    def get_season_data(self, driver: webdriver.chrome, url: str, sche: Schedule):
  File "/Users/lzk/PycharmProjects/zucai/pyscripts/spider/Reptile.py", line 74, in get_round_data
    def get_round_data(self, driver: webdriver.chrome, url: str, round_index: int):
  File "/Users/lzk/PycharmProjects/zucai/pyscripts/spider/Reptile.py", line 107, in get_match_data
    def get_match_data(self, driver: webdriver.chrome, match_status: MatchStatus):
  File "/Users/lzk/PycharmProjects/zucai/venv/lib/python3.9/site-packages/selenium/webdriver/remote/webdriver.py", line 741, in find_element
    return self.execute(Command.FIND_ELEMENT, {"using": by, "value": value})["value"]
  File "/Users/lzk/PycharmProjects/zucai/venv/lib/python3.9/site-packages/selenium/webdriver/remote/webdriver.py", line 347, in execute
    self.error_handler.check_response(response)
  File "/Users/lzk/PycharmProjects/zucai/venv/lib/python3.9/site-packages/selenium/webdriver/remote/errorhandler.py", line 229, in check_response
    raise exception_class(message, screen, stacktrace)
selenium.common.exceptions.NoSuchElementException: Message: no such element: Unable to locate element: {"method":"xpath","selector":"//div[@class="odds_hd_center"]/p[@class="odds_hd_bf"]/strong"}
  (Session info: chrome-headless-shell=122.0.6261.69); For documentation on this error, please visit: https://www.selenium.dev/documentation/webdriver/troubleshooting/errors#no-such-element-exception
Stacktrace:
0   chromedriver                        0x0000000102a467dc chromedriver + 4040668
1   chromedriver                        0x0000000102a3e9e0 chromedriver + 4008416
2   chromedriver                        0x00000001026b1870 chromedriver + 284784
3   chromedriver                        0x00000001026f5080 chromedriver + 561280
4   chromedriver                        0x000000010272f048 chromedriver + 798792
5   chromedriver                        0x00000001026e974c chromedriver + 513868
6   chromedriver                        0x00000001026ea044 chromedriver + 516164
7   chromedriver                        0x0000000102a0ba04 chromedriver + 3799556
8   chromedriver                        0x0000000102a0fee4 chromedriver + 3817188
9   chromedriver                        0x00000001029f4260 chromedriver + 3703392
10  chromedriver                        0x0000000102a10a2c chromedriver + 3820076
11  chromedriver                        0x00000001029e701c chromedriver + 3649564
12  chromedriver                        0x0000000102a2de3c chromedriver + 3939900
13  chromedriver                        0x0000000102a2dfb4 chromedriver + 3940276
14  chromedriver                        0x0000000102a3e660 chromedriver + 4007520
15  libsystem_pthread.dylib             0x00000001a65ebfa8 _pthread_start + 148
16  libsystem_pthread.dylib             0x00000001a65e6da0 thread_start + 8


2024-02-29 16:14:54 begin
2024-02-29 16:14:56 跳转网页https://liansai.500.com/zuqiu-6901/
2024-02-29 16:15:21 跳转网页https://odds.500.com/fenxi/shuju-1100012.shtml
2024-02-29 16:15:35 Traceback (most recent call last):
  File "/Users/lzk/PycharmProjects/zucai/pyscripts/spider/main.py", line 26, in <module>
    finish = re.begin()
  File "/Users/lzk/PycharmProjects/zucai/pyscripts/spider/Reptile.py", line 284, in begin
  File "/Users/lzk/PycharmProjects/zucai/pyscripts/spider/Reptile.py", line 48, in get_season_data
    def get_season_data(self, driver: webdriver.chrome, url: str, sche: Schedule):
  File "/Users/lzk/PycharmProjects/zucai/pyscripts/spider/Reptile.py", line 74, in get_round_data
    def get_round_data(self, driver: webdriver.chrome, url: str, round_index: int):
  File "/Users/lzk/PycharmProjects/zucai/pyscripts/spider/Reptile.py", line 107, in get_match_data
    def get_match_data(self, driver: webdriver.chrome, match_status: MatchStatus):
  File "/Users/lzk/PycharmProjects/zucai/venv/lib/python3.9/site-packages/selenium/webdriver/remote/webdriver.py", line 741, in find_element
    return self.execute(Command.FIND_ELEMENT, {"using": by, "value": value})["value"]
  File "/Users/lzk/PycharmProjects/zucai/venv/lib/python3.9/site-packages/selenium/webdriver/remote/webdriver.py", line 347, in execute
    self.error_handler.check_response(response)
  File "/Users/lzk/PycharmProjects/zucai/venv/lib/python3.9/site-packages/selenium/webdriver/remote/errorhandler.py", line 229, in check_response
    raise exception_class(message, screen, stacktrace)
selenium.common.exceptions.NoSuchElementException: Message: no such element: Unable to locate element: {"method":"xpath","selector":"//div[@class="odds_hd_center"]/p[@class="odds_hd_bf"]/strong"}
  (Session info: chrome-headless-shell=122.0.6261.69); For documentation on this error, please visit: https://www.selenium.dev/documentation/webdriver/troubleshooting/errors#no-such-element-exception
Stacktrace:
0   chromedriver                        0x00000001030367dc chromedriver + 4040668
1   chromedriver                        0x000000010302e9e0 chromedriver + 4008416
2   chromedriver                        0x0000000102ca1870 chromedriver + 284784
3   chromedriver                        0x0000000102ce5080 chromedriver + 561280
4   chromedriver                        0x0000000102d1f048 chromedriver + 798792
5   chromedriver                        0x0000000102cd974c chromedriver + 513868
6   chromedriver                        0x0000000102cda044 chromedriver + 516164
7   chromedriver                        0x0000000102ffba04 chromedriver + 3799556
8   chromedriver                        0x0000000102fffee4 chromedriver + 3817188
9   chromedriver                        0x0000000102fe4260 chromedriver + 3703392
10  chromedriver                        0x0000000103000a2c chromedriver + 3820076
11  chromedriver                        0x0000000102fd701c chromedriver + 3649564
12  chromedriver                        0x000000010301de3c chromedriver + 3939900
13  chromedriver                        0x000000010301dfb4 chromedriver + 3940276
14  chromedriver                        0x000000010302e660 chromedriver + 4007520
15  libsystem_pthread.dylib             0x00000001a65ebfa8 _pthread_start + 148
16  libsystem_pthread.dylib             0x00000001a65e6da0 thread_start + 8


2024-02-29 16:16:06 begin
2024-02-29 16:16:07 跳转网页https://liansai.500.com/zuqiu-6901/
2024-02-29 16:16:32 跳转网页https://odds.500.com/fenxi/shuju-1100012.shtml
2024-02-29 16:16:48 Traceback (most recent call last):
  File "/Users/lzk/PycharmProjects/zucai/pyscripts/spider/main.py", line 26, in <module>
    finish = re.begin()
  File "/Users/lzk/PycharmProjects/zucai/pyscripts/spider/Reptile.py", line 284, in begin
  File "/Users/lzk/PycharmProjects/zucai/pyscripts/spider/Reptile.py", line 48, in get_season_data
    def get_season_data(self, driver: webdriver.chrome, url: str, sche: Schedule):
  File "/Users/lzk/PycharmProjects/zucai/pyscripts/spider/Reptile.py", line 74, in get_round_data
    def get_round_data(self, driver: webdriver.chrome, url: str, round_index: int):
  File "/Users/lzk/PycharmProjects/zucai/pyscripts/spider/Reptile.py", line 107, in get_match_data
    def get_match_data(self, driver: webdriver.chrome, match_status: MatchStatus):
  File "/Users/lzk/PycharmProjects/zucai/venv/lib/python3.9/site-packages/selenium/webdriver/remote/webdriver.py", line 741, in find_element
    return self.execute(Command.FIND_ELEMENT, {"using": by, "value": value})["value"]
  File "/Users/lzk/PycharmProjects/zucai/venv/lib/python3.9/site-packages/selenium/webdriver/remote/webdriver.py", line 347, in execute
    self.error_handler.check_response(response)
  File "/Users/lzk/PycharmProjects/zucai/venv/lib/python3.9/site-packages/selenium/webdriver/remote/errorhandler.py", line 229, in check_response
    raise exception_class(message, screen, stacktrace)
selenium.common.exceptions.NoSuchElementException: Message: no such element: Unable to locate element: {"method":"xpath","selector":"//div[@class="odds_hd_center"]/p[@class="odds_hd_bf"]/strong"}
  (Session info: chrome-headless-shell=122.0.6261.69); For documentation on this error, please visit: https://www.selenium.dev/documentation/webdriver/troubleshooting/errors#no-such-element-exception
Stacktrace:
0   chromedriver                        0x0000000102a467dc chromedriver + 4040668
1   chromedriver                        0x0000000102a3e9e0 chromedriver + 4008416
2   chromedriver                        0x00000001026b1870 chromedriver + 284784
3   chromedriver                        0x00000001026f5080 chromedriver + 561280
4   chromedriver                        0x000000010272f048 chromedriver + 798792
5   chromedriver                        0x00000001026e974c chromedriver + 513868
6   chromedriver                        0x00000001026ea044 chromedriver + 516164
7   chromedriver                        0x0000000102a0ba04 chromedriver + 3799556
8   chromedriver                        0x0000000102a0fee4 chromedriver + 3817188
9   chromedriver                        0x00000001029f4260 chromedriver + 3703392
10  chromedriver                        0x0000000102a10a2c chromedriver + 3820076
11  chromedriver                        0x00000001029e701c chromedriver + 3649564
12  chromedriver                        0x0000000102a2de3c chromedriver + 3939900
13  chromedriver                        0x0000000102a2dfb4 chromedriver + 3940276
14  chromedriver                        0x0000000102a3e660 chromedriver + 4007520
15  libsystem_pthread.dylib             0x00000001a65ebfa8 _pthread_start + 148
16  libsystem_pthread.dylib             0x00000001a65e6da0 thread_start + 8


2024-02-29 16:17:18 begin
2024-02-29 16:17:20 跳转网页https://liansai.500.com/zuqiu-6901/
2024-02-29 16:17:45 begin
2024-02-29 16:17:47 跳转网页https://liansai.500.com/zuqiu-6901/
2024-02-29 16:18:12 跳转网页https://odds.500.com/fenxi/shuju-1100012.shtml
2024-02-29 16:18:28 Traceback (most recent call last):
  File "/Users/lzk/PycharmProjects/zucai/pyscripts/spider/main.py", line 26, in <module>
    finish = re.begin()
  File "/Users/lzk/PycharmProjects/zucai/pyscripts/spider/Reptile.py", line 287, in begin
    self.get_season_data(driver, season_url_list[j], sche)
  File "/Users/lzk/PycharmProjects/zucai/pyscripts/spider/Reptile.py", line 59, in get_season_data
    self.get_round_data(driver, url, cur_round_index)  # 回来后还是 cur_round_index
  File "/Users/lzk/PycharmProjects/zucai/pyscripts/spider/Reptile.py", line 98, in get_round_data
    self.get_match_data(driver, match_status)
  File "/Users/lzk/PycharmProjects/zucai/pyscripts/spider/Reptile.py", line 110, in get_match_data
    score_str = driver.find_element(By.XPATH,
  File "/Users/lzk/PycharmProjects/zucai/venv/lib/python3.9/site-packages/selenium/webdriver/remote/webdriver.py", line 741, in find_element
    return self.execute(Command.FIND_ELEMENT, {"using": by, "value": value})["value"]
  File "/Users/lzk/PycharmProjects/zucai/venv/lib/python3.9/site-packages/selenium/webdriver/remote/webdriver.py", line 347, in execute
    self.error_handler.check_response(response)
  File "/Users/lzk/PycharmProjects/zucai/venv/lib/python3.9/site-packages/selenium/webdriver/remote/errorhandler.py", line 229, in check_response
    raise exception_class(message, screen, stacktrace)
selenium.common.exceptions.NoSuchElementException: Message: no such element: Unable to locate element: {"method":"xpath","selector":"//div[@class="odds_hd_center"]/p[@class="odds_hd_bf"]/strong"}
  (Session info: chrome=122.0.6261.69); For documentation on this error, please visit: https://www.selenium.dev/documentation/webdriver/troubleshooting/errors#no-such-element-exception
Stacktrace:
0   chromedriver                        0x0000000104f467dc chromedriver + 4040668
1   chromedriver                        0x0000000104f3e9e0 chromedriver + 4008416
2   chromedriver                        0x0000000104bb1870 chromedriver + 284784
3   chromedriver                        0x0000000104bf5080 chromedriver + 561280
4   chromedriver                        0x0000000104c2f048 chromedriver + 798792
5   chromedriver                        0x0000000104be974c chromedriver + 513868
6   chromedriver                        0x0000000104bea044 chromedriver + 516164
7   chromedriver                        0x0000000104f0ba04 chromedriver + 3799556
8   chromedriver                        0x0000000104f0fee4 chromedriver + 3817188
9   chromedriver                        0x0000000104ef4260 chromedriver + 3703392
10  chromedriver                        0x0000000104f10a2c chromedriver + 3820076
11  chromedriver                        0x0000000104ee701c chromedriver + 3649564
12  chromedriver                        0x0000000104f2de3c chromedriver + 3939900
13  chromedriver                        0x0000000104f2dfb4 chromedriver + 3940276
14  chromedriver                        0x0000000104f3e660 chromedriver + 4007520
15  libsystem_pthread.dylib             0x00000001a65ebfa8 _pthread_start + 148
16  libsystem_pthread.dylib             0x00000001a65e6da0 thread_start + 8


2024-02-29 16:18:58 begin
2024-02-29 16:19:00 跳转网页https://liansai.500.com/zuqiu-6901/
2024-02-29 16:19:10 Traceback (most recent call last):
  File "/Users/lzk/PycharmProjects/zucai/pyscripts/spider/main.py", line 26, in <module>
    finish = re.begin()
  File "/Users/lzk/PycharmProjects/zucai/pyscripts/spider/Reptile.py", line 287, in begin
    self.get_season_data(driver, season_url_list[j], sche)
  File "/Users/lzk/PycharmProjects/zucai/pyscripts/spider/Reptile.py", line 54, in get_season_data
    rounds = driver.find_elements(By.XPATH, '//span[@class="lcol_hd_lun"]/a')
  File "/Users/lzk/PycharmProjects/zucai/venv/lib/python3.9/site-packages/selenium/webdriver/remote/webdriver.py", line 771, in find_elements
    return self.execute(Command.FIND_ELEMENTS, {"using": by, "value": value})["value"] or []
  File "/Users/lzk/PycharmProjects/zucai/venv/lib/python3.9/site-packages/selenium/webdriver/remote/webdriver.py", line 347, in execute
    self.error_handler.check_response(response)
  File "/Users/lzk/PycharmProjects/zucai/venv/lib/python3.9/site-packages/selenium/webdriver/remote/errorhandler.py", line 229, in check_response
    raise exception_class(message, screen, stacktrace)
selenium.common.exceptions.NoSuchWindowException: Message: no such window: target window already closed
from unknown error: web view not found
  (Session info: chrome=122.0.6261.69)
Stacktrace:
0   chromedriver                        0x00000001026967dc chromedriver + 4040668
1   chromedriver                        0x000000010268e9e0 chromedriver + 4008416
2   chromedriver                        0x0000000102301870 chromedriver + 284784
3   chromedriver                        0x00000001022dc064 chromedriver + 131172
4   chromedriver                        0x000000010236b2b0 chromedriver + 717488
5   chromedriver                        0x000000010237e75c chromedriver + 796508
6   chromedriver                        0x000000010233974c chromedriver + 513868
7   chromedriver                        0x000000010233a044 chromedriver + 516164
8   chromedriver                        0x000000010265ba04 chromedriver + 3799556
9   chromedriver                        0x000000010265fee4 chromedriver + 3817188
10  chromedriver                        0x0000000102644260 chromedriver + 3703392
11  chromedriver                        0x0000000102660a2c chromedriver + 3820076
12  chromedriver                        0x000000010263701c chromedriver + 3649564
13  chromedriver                        0x000000010267de3c chromedriver + 3939900
14  chromedriver                        0x000000010267dfb4 chromedriver + 3940276
15  chromedriver                        0x000000010268e660 chromedriver + 4007520
16  libsystem_pthread.dylib             0x00000001a65ebfa8 _pthread_start + 148
17  libsystem_pthread.dylib             0x00000001a65e6da0 thread_start + 8


2024-02-29 16:19:25 begin
2024-02-29 16:20:31 跳转网页https://liansai.500.com/zuqiu-6901/
2024-02-29 16:21:46 跳转网页https://odds.500.com/fenxi/shuju-1100012.shtml
2024-02-29 16:27:48 Traceback (most recent call last):
  File "/Users/lzk/PycharmProjects/zucai/pyscripts/spider/main.py", line 26, in <module>
    finish = re.begin()
  File "/Users/lzk/PycharmProjects/zucai/pyscripts/spider/Reptile.py", line 287, in begin
    self.get_season_data(driver, season_url_list[j], sche)
  File "/Users/lzk/PycharmProjects/zucai/pyscripts/spider/Reptile.py", line 59, in get_season_data
    self.get_round_data(driver, url, cur_round_index)  # 回来后还是 cur_round_index
  File "/Users/lzk/PycharmProjects/zucai/pyscripts/spider/Reptile.py", line 98, in get_round_data
    self.get_match_data(driver, match_status)
  File "/Users/lzk/PycharmProjects/zucai/pyscripts/spider/Reptile.py", line 98, in get_round_data
    self.get_match_data(driver, match_status)
  File "/Applications/PyCharm.app/Contents/plugins/python/helpers/pydev/_pydevd_bundle/pydevd_trace_dispatch.py", line 92, in trace_dispatch
    return _trace_dispatch(py_db, frame, event, arg)
  File "_pydevd_bundle/pydevd_cython_darwin_39_64.pyx", line 1337, in _pydevd_bundle.pydevd_cython_darwin_39_64.trace_dispatch
  File "_pydevd_bundle/pydevd_cython_darwin_39_64.pyx", line 1597, in _pydevd_bundle.pydevd_cython_darwin_39_64.ThreadTracer.__call__
  File "_pydevd_bundle/pydevd_cython_darwin_39_64.pyx", line 1103, in _pydevd_bundle.pydevd_cython_darwin_39_64.PyDBFrame.trace_dispatch
  File "_pydevd_bundle/pydevd_cython_darwin_39_64.pyx", line 1065, in _pydevd_bundle.pydevd_cython_darwin_39_64.PyDBFrame.trace_dispatch
  File "_pydevd_bundle/pydevd_cython_darwin_39_64.pyx", line 585, in _pydevd_bundle.pydevd_cython_darwin_39_64.PyDBFrame.do_wait_suspend
  File "/Applications/PyCharm.app/Contents/plugins/python/helpers/pydev/pydevd.py", line 1184, in do_wait_suspend
    self._do_wait_suspend(thread, frame, event, arg, suspend_type, from_this_thread)
  File "/Applications/PyCharm.app/Contents/plugins/python/helpers/pydev/pydevd.py", line 1199, in _do_wait_suspend
    time.sleep(0.01)
KeyboardInterrupt

2024-02-29 16:30:58 begin
2024-02-29 16:31:06 跳转网页https://liansai.500.com/zuqiu-6901/
2024-02-29 16:32:00 跳转网页https://odds.500.com/fenxi/shuju-1100012
2024-02-29 16:32:43 Traceback (most recent call last):
  File "/Users/lzk/PycharmProjects/zucai/pyscripts/spider/main.py", line 26, in <module>
    finish = re.begin()
  File "/Users/lzk/PycharmProjects/zucai/pyscripts/spider/Reptile.py", line 287, in begin
    self.get_season_data(driver, season_url_list[j], sche)
  File "/Users/lzk/PycharmProjects/zucai/pyscripts/spider/Reptile.py", line 59, in get_season_data
    self.get_round_data(driver, url, cur_round_index)  # 回来后还是 cur_round_index
  File "/Users/lzk/PycharmProjects/zucai/pyscripts/spider/Reptile.py", line 98, in get_round_data
    self.get_match_data(driver, match_status)
  File "/Users/lzk/PycharmProjects/zucai/pyscripts/spider/Reptile.py", line 110, in get_match_data
    score_str = driver.find_element(By.XPATH,
  File "/Users/lzk/PycharmProjects/zucai/venv/lib/python3.9/site-packages/selenium/webdriver/remote/webdriver.py", line 741, in find_element
    return self.execute(Command.FIND_ELEMENT, {"using": by, "value": value})["value"]
  File "/Users/lzk/PycharmProjects/zucai/venv/lib/python3.9/site-packages/selenium/webdriver/remote/webdriver.py", line 347, in execute
    self.error_handler.check_response(response)
  File "/Users/lzk/PycharmProjects/zucai/venv/lib/python3.9/site-packages/selenium/webdriver/remote/errorhandler.py", line 229, in check_response
    raise exception_class(message, screen, stacktrace)
selenium.common.exceptions.NoSuchElementException: Message: no such element: Unable to locate element: {"method":"xpath","selector":"//div[@class="odds_hd_center"]/p[@class="odds_hd_bf"]/strong"}
  (Session info: chrome=122.0.6261.69); For documentation on this error, please visit: https://www.selenium.dev/documentation/webdriver/troubleshooting/errors#no-such-element-exception
Stacktrace:
0   chromedriver                        0x00000001008e27dc chromedriver + 4040668
1   chromedriver                        0x00000001008da9e0 chromedriver + 4008416
2   chromedriver                        0x000000010054d870 chromedriver + 284784
3   chromedriver                        0x0000000100591080 chromedriver + 561280
4   chromedriver                        0x00000001005cb048 chromedriver + 798792
5   chromedriver                        0x000000010058574c chromedriver + 513868
6   chromedriver                        0x0000000100586044 chromedriver + 516164
7   chromedriver                        0x00000001008a7a04 chromedriver + 3799556
8   chromedriver                        0x00000001008abee4 chromedriver + 3817188
9   chromedriver                        0x0000000100890260 chromedriver + 3703392
10  chromedriver                        0x00000001008aca2c chromedriver + 3820076
11  chromedriver                        0x000000010088301c chromedriver + 3649564
12  chromedriver                        0x00000001008c9e3c chromedriver + 3939900
13  chromedriver                        0x00000001008c9fb4 chromedriver + 3940276
14  chromedriver                        0x00000001008da660 chromedriver + 4007520
15  libsystem_pthread.dylib             0x00000001a65ebfa8 _pthread_start + 148
16  libsystem_pthread.dylib             0x00000001a65e6da0 thread_start + 8


2024-02-29 16:33:19 begin
2024-02-29 16:33:24 跳转网页https://liansai.500.com/zuqiu-6901/
2024-02-29 16:33:56 跳转网页https://odds.500.com/fenxi/shuju-1100012
2024-02-29 16:38:20 Traceback (most recent call last):
  File "/Users/lzk/PycharmProjects/zucai/pyscripts/spider/main.py", line 26, in <module>
    finish = re.begin()
  File "/Users/lzk/PycharmProjects/zucai/pyscripts/spider/Reptile.py", line 287, in begin
    self.get_season_data(driver, season_url_list[j], sche)
  File "/Users/lzk/PycharmProjects/zucai/pyscripts/spider/Reptile.py", line 59, in get_season_data
    self.get_round_data(driver, url, cur_round_index)  # 回来后还是 cur_round_index
  File "/Users/lzk/PycharmProjects/zucai/pyscripts/spider/Reptile.py", line 98, in get_round_data
    self.get_match_data(driver, match_status)
  File "/Users/lzk/PycharmProjects/zucai/pyscripts/spider/Reptile.py", line 110, in get_match_data
    score_str = driver.find_element(By.XPATH,
  File "/Users/lzk/PycharmProjects/zucai/pyscripts/spider/Reptile.py", line 110, in get_match_data
    score_str = driver.find_element(By.XPATH,
  File "_pydevd_bundle/pydevd_cython_darwin_39_64.pyx", line 1597, in _pydevd_bundle.pydevd_cython_darwin_39_64.ThreadTracer.__call__
  File "_pydevd_bundle/pydevd_cython_darwin_39_64.pyx", line 937, in _pydevd_bundle.pydevd_cython_darwin_39_64.PyDBFrame.trace_dispatch
  File "_pydevd_bundle/pydevd_cython_darwin_39_64.pyx", line 928, in _pydevd_bundle.pydevd_cython_darwin_39_64.PyDBFrame.trace_dispatch
  File "_pydevd_bundle/pydevd_cython_darwin_39_64.pyx", line 585, in _pydevd_bundle.pydevd_cython_darwin_39_64.PyDBFrame.do_wait_suspend
  File "/Applications/PyCharm.app/Contents/plugins/python/helpers/pydev/pydevd.py", line 1184, in do_wait_suspend
    self._do_wait_suspend(thread, frame, event, arg, suspend_type, from_this_thread)
  File "/Applications/PyCharm.app/Contents/plugins/python/helpers/pydev/pydevd.py", line 1199, in _do_wait_suspend
    time.sleep(0.01)
KeyboardInterrupt

2024-02-29 17:37:18 begin
2024-02-29 17:37:26 跳转网页https://liansai.500.com/zuqiu-6901/
2024-02-29 17:37:58 跳转网页https://odds.500.com/fenxi/shuju-1100012.shtml
2024-02-29 17:39:01 finish down ouzhi step:2023-12-21 04:00 布雷斯 vs 洛里昂
2024-02-29 17:39:15 等待下载完成
2024-02-29 17:39:17 Traceback (most recent call last):
  File "/Users/lzk/PycharmProjects/zucai/pyscripts/spider/Reptile.py", line 126, in get_match_data
    self.process_oupei(match_status)
  File "/Users/lzk/PycharmProjects/zucai/pyscripts/spider/Reptile.py", line 168, in process_oupei
    xml_path = self.match_and_move_download_file(save_dic_path, '欧洲数据', match_status.timestamp.split(' ')[0])
  File "/Users/lzk/PycharmProjects/zucai/pyscripts/spider/Reptile.py", line 149, in match_and_move_download_file
    files = os.listdir(download_path)
FileNotFoundError: [Errno 2] No such file or directory: 'C:\\Users\\90571\\Downloads'

2024-02-29 17:40:12 Traceback (most recent call last):
  File "/Users/lzk/PycharmProjects/zucai/pyscripts/spider/main.py", line 26, in <module>
    finish = re.begin()
  File "/Users/lzk/PycharmProjects/zucai/pyscripts/spider/Reptile.py", line 287, in begin
    self.get_season_data(driver, season_url_list[j], sche)
  File "/Users/lzk/PycharmProjects/zucai/pyscripts/spider/Reptile.py", line 59, in get_season_data
    self.get_round_data(driver, url, cur_round_index)  # 回来后还是 cur_round_index
  File "/Users/lzk/PycharmProjects/zucai/pyscripts/spider/Reptile.py", line 98, in get_round_data
    self.get_match_data(driver, match_status)
  File "/Users/lzk/PycharmProjects/zucai/pyscripts/spider/Reptile.py", line 132, in get_match_data
    downpl = driver.find_element(By.XPATH, '//tr[@xls="header"]/th/a[contains(@class, "downpl")]')
  File "/Users/lzk/PycharmProjects/zucai/pyscripts/spider/Reptile.py", line 132, in get_match_data
    downpl = driver.find_element(By.XPATH, '//tr[@xls="header"]/th/a[contains(@class, "downpl")]')
  File "_pydevd_bundle/pydevd_cython_darwin_39_64.pyx", line 1187, in _pydevd_bundle.pydevd_cython_darwin_39_64.SafeCallWrapper.__call__
  File "_pydevd_bundle/pydevd_cython_darwin_39_64.pyx", line 627, in _pydevd_bundle.pydevd_cython_darwin_39_64.PyDBFrame.trace_dispatch
  File "_pydevd_bundle/pydevd_cython_darwin_39_64.pyx", line 1103, in _pydevd_bundle.pydevd_cython_darwin_39_64.PyDBFrame.trace_dispatch
  File "_pydevd_bundle/pydevd_cython_darwin_39_64.pyx", line 1065, in _pydevd_bundle.pydevd_cython_darwin_39_64.PyDBFrame.trace_dispatch
  File "_pydevd_bundle/pydevd_cython_darwin_39_64.pyx", line 585, in _pydevd_bundle.pydevd_cython_darwin_39_64.PyDBFrame.do_wait_suspend
  File "/Applications/PyCharm.app/Contents/plugins/python/helpers/pydev/pydevd.py", line 1184, in do_wait_suspend
    self._do_wait_suspend(thread, frame, event, arg, suspend_type, from_this_thread)
  File "/Applications/PyCharm.app/Contents/plugins/python/helpers/pydev/pydevd.py", line 1199, in _do_wait_suspend
    time.sleep(0.01)
KeyboardInterrupt

2024-02-29 17:40:42 begin
2024-02-29 17:40:45 跳转网页https://liansai.500.com/zuqiu-6901/
2024-02-29 17:41:24 begin
2024-02-29 17:41:27 跳转网页https://liansai.500.com/zuqiu-6901/
2024-02-29 17:41:28 Traceback (most recent call last):
  File "/Users/lzk/PycharmProjects/zucai/pyscripts/spider/main.py", line 26, in <module>
    finish = re.begin()
  File "/Users/lzk/PycharmProjects/zucai/pyscripts/spider/Reptile.py", line 287, in begin
    self.get_season_data(driver, season_url_list[j], sche)
  File "/Users/lzk/PycharmProjects/zucai/pyscripts/spider/Reptile.py", line 51, in get_season_data
    self.dump_and_delay(driver, url)
  File "/Users/lzk/PycharmProjects/zucai/pyscripts/spider/Reptile.py", line 32, in dump_and_delay
    time.sleep(3)  # 防止反爬虫检测
KeyboardInterrupt

2024-02-29 17:41:45 begin
2024-02-29 17:41:47 跳转网页https://liansai.500.com/zuqiu-6901/
2024-02-29 17:42:12 跳转网页https://odds.500.com/fenxi/shuju-1100012.shtml
2024-02-29 17:42:26 finish down ouzhi step:2023-12-21 04:00 布雷斯 vs 洛里昂
2024-02-29 17:42:28 等待下载完成
2024-02-29 17:42:30 等待下载完成
2024-02-29 17:42:32 等待下载完成
2024-02-29 17:42:34 等待下载完成
2024-02-29 17:42:36 等待下载完成
2024-02-29 17:42:38 等待下载完成
2024-02-29 17:42:40 等待下载完成
2024-02-29 17:42:42 等待下载完成
2024-02-29 17:42:44 等待下载完成
2024-02-29 17:42:46 等待下载完成
2024-02-29 17:42:46 process oupei error:
2024-02-29 17:42:51 finish down yapan step:2023-12-21 04:00 布雷斯 vs 洛里昂
2024-02-29 17:42:53 等待下载完成
2024-02-29 17:42:55 等待下载完成
2024-02-29 17:42:57 等待下载完成
2024-02-29 17:42:59 等待下载完成
2024-02-29 17:43:01 等待下载完成
2024-02-29 17:43:03 等待下载完成
2024-02-29 17:43:05 等待下载完成
2024-02-29 17:43:07 等待下载完成
2024-02-29 17:43:09 等待下载完成
2024-02-29 17:43:11 等待下载完成
2024-02-29 17:43:11 process yapan error:
2024-02-29 17:43:11 跳转网页https://liansai.500.com/zuqiu-6901/
2024-02-29 17:43:43 跳转网页https://odds.500.com/fenxi/shuju-1100013.shtml
2024-02-29 17:43:57 finish down ouzhi step:2023-12-21 04:00 克莱蒙 vs 雷 恩
2024-02-29 17:43:59 等待下载完成
2024-02-29 17:44:01 等待下载完成
2024-02-29 17:44:03 等待下载完成
2024-02-29 17:44:05 等待下载完成
2024-02-29 17:44:07 等待下载完成
2024-02-29 17:44:09 等待下载完成
2024-02-29 17:44:11 等待下载完成
2024-02-29 17:44:13 等待下载完成
2024-02-29 17:44:15 等待下载完成
2024-02-29 17:44:17 等待下载完成
2024-02-29 17:44:17 process oupei error:
2024-02-29 17:44:22 finish down yapan step:2023-12-21 04:00 克莱蒙 vs 雷 恩
2024-02-29 17:44:24 等待下载完成
2024-02-29 17:44:26 等待下载完成
2024-02-29 17:44:28 等待下载完成
2024-02-29 17:44:30 等待下载完成
2024-02-29 17:44:32 等待下载完成
2024-02-29 17:44:34 等待下载完成
2024-02-29 17:44:36 等待下载完成
2024-02-29 17:44:38 等待下载完成
2024-02-29 17:44:40 等待下载完成
2024-02-29 17:44:42 等待下载完成
2024-02-29 17:44:42 process yapan error:
2024-02-29 17:44:42 跳转网页https://liansai.500.com/zuqiu-6901/
2024-02-29 17:45:14 跳转网页https://odds.500.com/fenxi/shuju-1100014.shtml
2024-02-29 17:45:27 finish down ouzhi step:2023-12-21 04:00 里 昂 vs 南 特
2024-02-29 17:45:29 等待下载完成
2024-02-29 17:45:31 等待下载完成
2024-02-29 17:45:33 等待下载完成
2024-02-29 17:45:35 等待下载完成
2024-02-29 17:45:37 等待下载完成
2024-02-29 17:45:39 等待下载完成
2024-02-29 17:45:41 等待下载完成
2024-02-29 17:45:43 等待下载完成
2024-02-29 17:45:43 Traceback (most recent call last):
  File "/Users/lzk/PycharmProjects/zucai/pyscripts/spider/Reptile.py", line 126, in get_match_data
    self.process_oupei(match_status)
  File "/Users/lzk/PycharmProjects/zucai/pyscripts/spider/Reptile.py", line 168, in process_oupei
    xml_path = self.match_and_move_download_file(save_dic_path, '欧洲数据', match_status.timestamp.split(' ')[0])
  File "/Users/lzk/PycharmProjects/zucai/pyscripts/spider/Reptile.py", line 147, in match_and_move_download_file
    time.sleep(2)
KeyboardInterrupt

2024-02-29 17:45:43 Traceback (most recent call last):
  File "/Users/lzk/PycharmProjects/zucai/venv/lib/python3.9/site-packages/urllib3/connection.py", line 198, in _new_conn
    sock = connection.create_connection(
  File "/Users/lzk/PycharmProjects/zucai/venv/lib/python3.9/site-packages/urllib3/util/connection.py", line 85, in create_connection
    raise err
  File "/Users/lzk/PycharmProjects/zucai/venv/lib/python3.9/site-packages/urllib3/util/connection.py", line 73, in create_connection
    sock.connect(sa)
ConnectionRefusedError: [Errno 61] Connection refused

The above exception was the direct cause of the following exception:

Traceback (most recent call last):
  File "/Users/lzk/PycharmProjects/zucai/venv/lib/python3.9/site-packages/urllib3/connectionpool.py", line 793, in urlopen
    response = self._make_request(
  File "/Users/lzk/PycharmProjects/zucai/venv/lib/python3.9/site-packages/urllib3/connectionpool.py", line 496, in _make_request
    conn.request(
  File "/Users/lzk/PycharmProjects/zucai/venv/lib/python3.9/site-packages/urllib3/connection.py", line 400, in request
    self.endheaders()
  File "/Library/Developer/CommandLineTools/Library/Frameworks/Python3.framework/Versions/3.9/lib/python3.9/http/client.py", line 1252, in endheaders
    self._send_output(message_body, encode_chunked=encode_chunked)
  File "/Library/Developer/CommandLineTools/Library/Frameworks/Python3.framework/Versions/3.9/lib/python3.9/http/client.py", line 1012, in _send_output
    self.send(msg)
  File "/Library/Developer/CommandLineTools/Library/Frameworks/Python3.framework/Versions/3.9/lib/python3.9/http/client.py", line 952, in send
    self.connect()
  File "/Users/lzk/PycharmProjects/zucai/venv/lib/python3.9/site-packages/urllib3/connection.py", line 238, in connect
    self.sock = self._new_conn()
  File "/Users/lzk/PycharmProjects/zucai/venv/lib/python3.9/site-packages/urllib3/connection.py", line 213, in _new_conn
    raise NewConnectionError(
urllib3.exceptions.NewConnectionError: <urllib3.connection.HTTPConnection object at 0x11d8441f0>: Failed to establish a new connection: [Errno 61] Connection refused

The above exception was the direct cause of the following exception:

Traceback (most recent call last):
  File "/Users/lzk/PycharmProjects/zucai/pyscripts/spider/main.py", line 26, in <module>
    finish = re.begin()
  File "/Users/lzk/PycharmProjects/zucai/pyscripts/spider/Reptile.py", line 287, in begin
    self.get_season_data(driver, season_url_list[j], sche)
  File "/Users/lzk/PycharmProjects/zucai/pyscripts/spider/Reptile.py", line 59, in get_season_data
    self.get_round_data(driver, url, cur_round_index)  # 回来后还是 cur_round_index
  File "/Users/lzk/PycharmProjects/zucai/pyscripts/spider/Reptile.py", line 98, in get_round_data
    self.get_match_data(driver, match_status)
  File "/Users/lzk/PycharmProjects/zucai/pyscripts/spider/Reptile.py", line 131, in get_match_data
    driver.find_element(By.XPATH, '//ul[@class="odds_nav_list"]/li[contains(@onclick, "yazhi")]').click()
  File "/Users/lzk/PycharmProjects/zucai/venv/lib/python3.9/site-packages/selenium/webdriver/remote/webdriver.py", line 741, in find_element
    return self.execute(Command.FIND_ELEMENT, {"using": by, "value": value})["value"]
  File "/Users/lzk/PycharmProjects/zucai/venv/lib/python3.9/site-packages/selenium/webdriver/remote/webdriver.py", line 345, in execute
    response = self.command_executor.execute(driver_command, params)
  File "/Users/lzk/PycharmProjects/zucai/venv/lib/python3.9/site-packages/selenium/webdriver/remote/remote_connection.py", line 302, in execute
    return self._request(command_info[0], url, body=data)
  File "/Users/lzk/PycharmProjects/zucai/venv/lib/python3.9/site-packages/selenium/webdriver/remote/remote_connection.py", line 322, in _request
    response = self._conn.request(method, url, body=body, headers=headers)
  File "/Users/lzk/PycharmProjects/zucai/venv/lib/python3.9/site-packages/urllib3/_request_methods.py", line 144, in request
    return self.request_encode_body(
  File "/Users/lzk/PycharmProjects/zucai/venv/lib/python3.9/site-packages/urllib3/_request_methods.py", line 279, in request_encode_body
    return self.urlopen(method, url, **extra_kw)
  File "/Users/lzk/PycharmProjects/zucai/venv/lib/python3.9/site-packages/urllib3/poolmanager.py", line 444, in urlopen
    response = conn.urlopen(method, u.request_uri, **kw)
  File "/Users/lzk/PycharmProjects/zucai/venv/lib/python3.9/site-packages/urllib3/connectionpool.py", line 877, in urlopen
    return self.urlopen(
  File "/Users/lzk/PycharmProjects/zucai/venv/lib/python3.9/site-packages/urllib3/connectionpool.py", line 877, in urlopen
    return self.urlopen(
  File "/Users/lzk/PycharmProjects/zucai/venv/lib/python3.9/site-packages/urllib3/connectionpool.py", line 877, in urlopen
    return self.urlopen(
  File "/Users/lzk/PycharmProjects/zucai/venv/lib/python3.9/site-packages/urllib3/connectionpool.py", line 847, in urlopen
    retries = retries.increment(
  File "/Users/lzk/PycharmProjects/zucai/venv/lib/python3.9/site-packages/urllib3/util/retry.py", line 515, in increment
    raise MaxRetryError(_pool, url, reason) from reason  # type: ignore[arg-type]
urllib3.exceptions.MaxRetryError: HTTPConnectionPool(host='localhost', port=53584): Max retries exceeded with url: /session/3364c524bd9eca1155caa6c512800400/element (Caused by NewConnectionError('<urllib3.connection.HTTPConnection object at 0x11d8441f0>: Failed to establish a new connection: [Errno 61] Connection refused'))

2024-02-29 17:46:34 begin
2024-02-29 17:46:37 跳转网页https://liansai.500.com/zuqiu-6901/
2024-02-29 17:47:01 跳转网页https://odds.500.com/fenxi/shuju-1100014.shtml
2024-02-29 17:47:16 finish down ouzhi step:2023-12-21 04:00 里 昂 vs 南 特
2024-02-29 17:47:18 等待下载完成
2024-02-29 17:47:20 等待下载完成
2024-02-29 17:47:22 等待下载完成
2024-02-29 17:47:24 等待下载完成
2024-02-29 17:47:26 等待下载完成
2024-02-29 17:47:28 等待下载完成
2024-02-29 17:47:30 等待下载完成
2024-02-29 17:47:32 等待下载完成
2024-02-29 17:47:34 等待下载完成
2024-02-29 17:47:36 等待下载完成
2024-02-29 17:47:36 process oupei error:
2024-02-29 17:47:41 finish down yapan step:2023-12-21 04:00 里 昂 vs 南 特
2024-02-29 17:47:43 等待下载完成
2024-02-29 17:47:45 等待下载完成
2024-02-29 17:47:47 等待下载完成
2024-02-29 17:47:49 等待下载完成
2024-02-29 17:47:51 等待下载完成
2024-02-29 17:47:53 等待下载完成
2024-02-29 17:47:55 等待下载完成
2024-02-29 17:47:57 等待下载完成
2024-02-29 17:47:59 等待下载完成
2024-02-29 17:48:01 等待下载完成
2024-02-29 17:48:01 process yapan error:
2024-02-29 17:48:01 跳转网页https://liansai.500.com/zuqiu-6901/
2024-02-29 17:48:32 跳转网页https://odds.500.com/fenxi/shuju-1100015.shtml
2024-02-29 17:48:47 finish down ouzhi step:2023-12-21 04:00 蒙彼利 vs 马 赛
2024-02-29 17:48:49 等待下载完成
2024-02-29 17:48:51 等待下载完成
2024-02-29 17:48:53 等待下载完成
2024-02-29 17:48:55 等待下载完成
2024-02-29 17:48:57 等待下载完成
2024-02-29 17:48:59 等待下载完成
2024-02-29 17:49:01 等待下载完成
2024-02-29 17:49:03 等待下载完成
2024-02-29 17:49:05 等待下载完成
2024-02-29 17:49:07 等待下载完成
2024-02-29 17:49:07 process oupei error:
2024-02-29 17:49:11 finish down yapan step:2023-12-21 04:00 蒙彼利 vs 马 赛
2024-02-29 17:49:13 等待下载完成
2024-02-29 17:49:15 等待下载完成
2024-02-29 17:49:17 等待下载完成
2024-02-29 17:49:19 等待下载完成
2024-02-29 17:49:21 等待下载完成
2024-02-29 17:49:23 等待下载完成
2024-02-29 17:49:25 等待下载完成
2024-02-29 17:49:27 等待下载完成
2024-02-29 17:49:29 等待下载完成
2024-02-29 17:49:31 等待下载完成
2024-02-29 17:49:31 process yapan error:
2024-02-29 17:49:31 跳转网页https://liansai.500.com/zuqiu-6901/
2024-02-29 17:49:45 Traceback (most recent call last):
  File "/Users/lzk/PycharmProjects/zucai/pyscripts/spider/main.py", line 26, in <module>
    finish = re.begin()
  File "/Users/lzk/PycharmProjects/zucai/pyscripts/spider/Reptile.py", line 287, in begin
    self.get_season_data(driver, season_url_list[j], sche)
  File "/Users/lzk/PycharmProjects/zucai/pyscripts/spider/Reptile.py", line 59, in get_season_data
    self.get_round_data(driver, url, cur_round_index)  # 回来后还是 cur_round_index
  File "/Users/lzk/PycharmProjects/zucai/pyscripts/spider/Reptile.py", line 107, in get_round_data
    time.sleep(4)
KeyboardInterrupt

2024-02-29 17:50:04 begin
2024-02-29 17:50:13 跳转网页https://liansai.500.com/zuqiu-6901/
2024-02-29 17:51:23 跳转网页https://odds.500.com/fenxi/shuju-1100016.shtml
2024-02-29 17:52:13 finish down ouzhi step:2023-12-21 04:00 尼 斯 vs 朗 斯
2024-02-29 18:12:25 等待下载完成
2024-02-29 18:13:15 等待下载完成
2024-02-29 18:13:25 等待下载完成
2024-02-29 18:13:33 等待下载完成
2024-02-29 18:13:38 等待下载完成
2024-02-29 18:13:43 等待下载完成
2024-02-29 18:13:47 等待下载完成
2024-02-29 18:13:53 等待下载完成
2024-02-29 18:13:58 等待下载完成
2024-02-29 18:14:03 等待下载完成
2024-02-29 18:14:24 process oupei error:
2024-02-29 18:14:57 finish down yapan step:2023-12-21 04:00 尼 斯 vs 朗 斯
2024-02-29 18:15:22 等待下载完成
2024-02-29 18:15:26 等待下载完成
2024-02-29 18:15:30 等待下载完成
2024-02-29 18:15:35 等待下载完成
2024-02-29 18:15:37 等待下载完成
2024-02-29 18:15:39 等待下载完成
2024-02-29 18:15:41 等待下载完成
2024-02-29 18:15:43 等待下载完成
2024-02-29 18:15:45 等待下载完成
2024-02-29 18:15:47 等待下载完成
2024-02-29 18:15:47 process yapan error:
2024-02-29 18:15:47 跳转网页https://liansai.500.com/zuqiu-6901/
2024-02-29 18:16:19 跳转网页https://odds.500.com/fenxi/shuju-1100017.shtml
2024-02-29 18:17:17 finish down ouzhi step:2023-12-21 04:00 日尔曼 vs 梅 斯
2024-02-29 18:17:24 等待下载完成
2024-02-29 18:17:27 等待下载完成
2024-02-29 18:17:29 等待下载完成
2024-02-29 18:17:31 等待下载完成
2024-02-29 18:17:33 等待下载完成
2024-02-29 18:17:35 等待下载完成
2024-02-29 18:17:37 等待下载完成
2024-02-29 18:17:39 等待下载完成
2024-02-29 18:17:41 等待下载完成
2024-02-29 18:17:43 等待下载完成
2024-02-29 18:17:43 process oupei error:
2024-02-29 18:17:49 finish down yapan step:2023-12-21 04:00 日尔曼 vs 梅 斯
2024-02-29 18:18:00 等待下载完成
2024-02-29 18:18:03 等待下载完成
2024-02-29 18:18:05 等待下载完成
2024-02-29 18:18:07 等待下载完成
2024-02-29 18:18:09 等待下载完成
2024-02-29 18:18:11 等待下载完成
2024-02-29 18:18:13 等待下载完成
2024-02-29 18:18:15 等待下载完成
2024-02-29 18:18:17 等待下载完成
2024-02-29 18:18:19 等待下载完成
2024-02-29 18:18:19 process yapan error:
2024-02-29 18:18:19 跳转网页https://liansai.500.com/zuqiu-6901/
2024-02-29 18:18:51 跳转网页https://odds.500.com/fenxi/shuju-1100018.shtml
2024-02-29 18:19:11 finish down ouzhi step:2023-12-21 04:00 兰 斯 vs 阿弗尔
2024-02-29 18:19:41 等待下载完成
2024-02-29 18:19:49 等待下载完成
2024-02-29 18:19:55 等待下载完成
2024-02-29 18:20:01 等待下载完成
2024-02-29 18:20:03 等待下载完成
2024-02-29 18:20:05 等待下载完成
2024-02-29 18:20:07 等待下载完成
2024-02-29 18:20:09 等待下载完成
2024-02-29 18:20:11 等待下载完成
2024-02-29 18:20:13 等待下载完成
2024-02-29 18:20:13 process oupei error:
2024-02-29 18:20:18 finish down yapan step:2023-12-21 04:00 兰 斯 vs 阿弗尔
2024-02-29 18:20:29 等待下载完成
2024-02-29 18:20:33 等待下载完成
2024-02-29 18:20:37 等待下载完成
2024-02-29 18:20:41 等待下载完成
2024-02-29 18:20:46 等待下载完成
2024-02-29 18:20:50 等待下载完成
2024-02-29 18:20:53 等待下载完成
2024-02-29 18:20:57 等待下载完成
2024-02-29 18:21:00 等待下载完成
2024-02-29 18:21:05 等待下载完成
2024-02-29 18:23:27 process yapan error:
2024-02-29 18:23:59 跳转网页https://liansai.500.com/zuqiu-6901/
2024-02-29 18:24:40 跳转网页https://odds.500.com/fenxi/shuju-1100019.shtml
2024-02-29 18:24:53 finish down ouzhi step:2023-12-21 04:00 斯特堡 vs 里 尔
2024-02-29 18:32:14 等待下载完成
2024-02-29 18:32:18 等待下载完成
2024-02-29 18:32:20 等待下载完成
2024-02-29 18:32:22 等待下载完成
2024-02-29 18:32:24 等待下载完成
2024-02-29 18:32:26 等待下载完成
2024-02-29 18:32:28 等待下载完成
2024-02-29 18:32:30 等待下载完成
2024-02-29 18:32:32 等待下载完成
2024-02-29 18:32:34 等待下载完成
2024-02-29 18:32:34 process oupei error:
2024-02-29 18:32:39 finish down yapan step:2023-12-21 04:00 斯特堡 vs 里 尔
2024-02-29 18:33:21 等待下载完成
2024-02-29 18:33:23 等待下载完成
2024-02-29 18:33:25 等待下载完成
2024-02-29 18:33:27 等待下载完成
2024-02-29 18:33:29 等待下载完成
2024-02-29 18:33:31 等待下载完成
2024-02-29 18:33:33 等待下载完成
2024-02-29 18:33:35 等待下载完成
2024-02-29 18:33:37 等待下载完成
2024-02-29 18:33:39 等待下载完成
2024-02-29 19:44:23 process yapan error:
2024-02-29 19:44:26 跳转网页https://liansai.500.com/zuqiu-6901/
2024-02-29 19:44:38 begin
2024-02-29 19:44:50 跳转网页https://liansai.500.com/zuqiu-6901/
2024-02-29 19:45:20 跳转网页https://odds.500.com/fenxi/shuju-1100020.shtml
2024-02-29 19:45:33 finish down ouzhi step:2023-12-21 04:00 图卢兹 vs 摩纳哥
2024-02-29 19:46:11 等待下载完成
2024-02-29 19:46:18 等待下载完成
2024-02-29 19:46:22 等待下载完成
2024-02-29 19:46:27 等待下载完成
2024-02-29 19:46:38 等待下载完成
2024-02-29 19:46:54 等待下载完成
2024-02-29 19:47:01 等待下载完成
2024-02-29 19:47:05 等待下载完成
2024-02-29 19:47:07 等待下载完成
2024-02-29 19:47:09 等待下载完成
2024-02-29 19:47:09 process oupei error:
2024-02-29 19:47:14 finish down yapan step:2023-12-21 04:00 图卢兹 vs 摩纳哥
2024-02-29 19:47:19 等待下载完成
2024-02-29 19:47:21 等待下载完成
2024-02-29 19:47:23 等待下载完成
2024-02-29 19:47:25 等待下载完成
2024-02-29 19:47:27 等待下载完成
2024-02-29 19:47:29 等待下载完成
2024-02-29 19:47:31 等待下载完成
2024-02-29 19:47:33 等待下载完成
2024-02-29 19:47:35 等待下载完成
2024-02-29 19:47:37 等待下载完成
2024-02-29 19:48:05 process yapan error:2023-12-21 04:00,图卢兹,摩纳哥
2024-02-29 19:48:10 跳转网页https://liansai.500.com/zuqiu-6901/
2024-02-29 19:48:49 end
2024-02-29 19:49:04 begin
2024-02-29 19:49:06 跳转网页https://liansai.500.com/zuqiu-6901/
2024-02-29 19:49:31 跳转网页https://odds.500.com/fenxi/shuju-1100012.shtml
2024-02-29 19:49:45 finish down ouzhi step:2023-12-21 04:00 布雷斯 vs 洛里昂
2024-02-29 19:49:47 等待下载完成
2024-02-29 19:49:49 等待下载完成
2024-02-29 19:49:51 等待下载完成
2024-02-29 19:49:53 等待下载完成
2024-02-29 19:49:55 等待下载完成
2024-02-29 19:49:57 等待下载完成
2024-02-29 19:49:59 等待下载完成
2024-02-29 19:50:01 等待下载完成
2024-02-29 19:50:03 等待下载完成
2024-02-29 19:50:05 等待下载完成
2024-02-29 19:50:05 process oupei error:
2024-02-29 19:50:09 finish down yapan step:2023-12-21 04:00 布雷斯 vs 洛里昂
2024-02-29 19:50:12 等待下载完成
2024-02-29 19:50:14 等待下载完成
2024-02-29 19:50:16 等待下载完成
2024-02-29 19:50:18 等待下载完成
2024-02-29 19:50:20 等待下载完成
2024-02-29 19:50:22 等待下载完成
2024-02-29 19:50:24 等待下载完成
2024-02-29 19:50:26 等待下载完成
2024-02-29 19:50:28 等待下载完成
2024-02-29 19:50:30 等待下载完成
2024-02-29 19:50:30 process yapan error:2023-12-21 04:00,布雷斯,洛里昂
2024-02-29 19:50:30 跳转网页https://liansai.500.com/zuqiu-6901/
2024-02-29 19:51:01 跳转网页https://odds.500.com/fenxi/shuju-1100013.shtml
2024-02-29 19:51:16 finish down ouzhi step:2023-12-21 04:00 克莱蒙 vs 雷 恩
2024-02-29 19:51:18 等待下载完成
2024-02-29 19:51:20 等待下载完成
2024-02-29 19:51:22 等待下载完成
2024-02-29 19:51:24 等待下载完成
2024-02-29 19:51:26 等待下载完成
2024-02-29 19:51:28 等待下载完成
2024-02-29 19:51:30 等待下载完成
2024-02-29 19:51:32 等待下载完成
2024-02-29 19:51:34 等待下载完成
2024-02-29 19:51:36 等待下载完成
2024-02-29 19:51:36 process oupei error:
2024-02-29 19:51:40 finish down yapan step:2023-12-21 04:00 克莱蒙 vs 雷 恩
2024-02-29 19:51:42 等待下载完成
2024-02-29 19:51:44 等待下载完成
2024-02-29 19:51:46 等待下载完成
2024-02-29 19:51:48 等待下载完成
2024-02-29 19:51:50 等待下载完成
2024-02-29 19:51:52 等待下载完成
2024-02-29 19:51:54 等待下载完成
2024-02-29 19:51:56 等待下载完成
2024-02-29 19:51:58 等待下载完成
2024-02-29 19:52:00 等待下载完成
2024-02-29 19:52:00 process yapan error:2023-12-21 04:00,克莱蒙,雷 恩
2024-02-29 19:52:00 跳转网页https://liansai.500.com/zuqiu-6901/
2024-02-29 19:52:32 跳转网页https://odds.500.com/fenxi/shuju-1100014.shtml
2024-02-29 19:52:47 finish down ouzhi step:2023-12-21 04:00 里 昂 vs 南 特
2024-02-29 19:52:49 等待下载完成
2024-02-29 19:52:51 等待下载完成
2024-02-29 19:52:53 等待下载完成
2024-02-29 19:52:55 等待下载完成
2024-02-29 19:52:57 等待下载完成
2024-02-29 19:52:59 等待下载完成
2024-02-29 19:53:01 等待下载完成
2024-02-29 19:53:03 等待下载完成
2024-02-29 19:53:05 等待下载完成
2024-02-29 19:53:07 等待下载完成
2024-02-29 19:53:07 process oupei error:
2024-02-29 19:53:12 finish down yapan step:2023-12-21 04:00 里 昂 vs 南 特
2024-02-29 19:53:14 等待下载完成
2024-02-29 19:53:16 等待下载完成
2024-02-29 19:53:18 等待下载完成
2024-02-29 19:53:20 等待下载完成
2024-02-29 19:53:22 等待下载完成
2024-02-29 19:53:24 等待下载完成
2024-02-29 19:53:26 等待下载完成
2024-02-29 19:53:28 等待下载完成
2024-02-29 19:53:30 等待下载完成
2024-02-29 19:53:32 等待下载完成
2024-02-29 19:53:32 process yapan error:2023-12-21 04:00,里 昂,南 特
2024-02-29 19:53:32 跳转网页https://liansai.500.com/zuqiu-6901/
2024-02-29 19:54:04 跳转网页https://odds.500.com/fenxi/shuju-1100015.shtml
2024-02-29 19:54:19 finish down ouzhi step:2023-12-21 04:00 蒙彼利 vs 马 赛
2024-02-29 19:54:21 等待下载完成
2024-02-29 19:54:23 等待下载完成
2024-02-29 19:54:25 等待下载完成
2024-02-29 19:54:27 等待下载完成
2024-02-29 19:54:29 等待下载完成
2024-02-29 19:54:31 等待下载完成
2024-02-29 19:54:33 等待下载完成
2024-02-29 19:54:35 等待下载完成
2024-02-29 19:54:37 等待下载完成
2024-02-29 19:54:39 等待下载完成
2024-02-29 19:54:39 process oupei error:
2024-02-29 19:54:44 finish down yapan step:2023-12-21 04:00 蒙彼利 vs 马 赛
2024-02-29 19:54:46 等待下载完成
2024-02-29 19:54:48 等待下载完成
2024-02-29 19:54:50 等待下载完成
2024-02-29 19:54:52 等待下载完成
2024-02-29 19:54:54 等待下载完成
2024-02-29 19:54:56 等待下载完成
2024-02-29 19:54:58 等待下载完成
2024-02-29 19:55:00 等待下载完成
2024-02-29 19:55:02 等待下载完成
2024-02-29 19:55:04 等待下载完成
2024-02-29 19:55:04 process yapan error:2023-12-21 04:00,蒙彼利,马 赛
2024-02-29 19:55:04 跳转网页https://liansai.500.com/zuqiu-6901/
2024-02-29 19:55:35 跳转网页https://odds.500.com/fenxi/shuju-1100016.shtml
2024-02-29 19:55:49 finish down ouzhi step:2023-12-21 04:00 尼 斯 vs 朗 斯
2024-02-29 19:55:51 等待下载完成
2024-02-29 19:55:53 等待下载完成
2024-02-29 19:55:55 等待下载完成
2024-02-29 19:55:57 等待下载完成
2024-02-29 19:55:59 等待下载完成
2024-02-29 19:56:01 等待下载完成
2024-02-29 19:56:03 等待下载完成
2024-02-29 19:56:05 等待下载完成
2024-02-29 19:56:07 等待下载完成
2024-02-29 19:56:09 等待下载完成
2024-02-29 19:56:09 process oupei error:
2024-02-29 19:56:14 finish down yapan step:2023-12-21 04:00 尼 斯 vs 朗 斯
2024-02-29 19:56:16 等待下载完成
2024-02-29 19:56:18 等待下载完成
2024-02-29 19:56:20 等待下载完成
2024-02-29 19:56:22 等待下载完成
2024-02-29 19:56:24 等待下载完成
2024-02-29 19:56:26 等待下载完成
2024-02-29 19:56:28 等待下载完成
2024-02-29 19:56:30 等待下载完成
2024-02-29 19:56:32 等待下载完成
2024-02-29 19:56:34 等待下载完成
2024-02-29 19:56:34 process yapan error:2023-12-21 04:00,尼 斯,朗 斯
2024-02-29 19:56:34 跳转网页https://liansai.500.com/zuqiu-6901/
2024-02-29 19:57:06 跳转网页https://odds.500.com/fenxi/shuju-1100017.shtml
2024-02-29 19:57:19 finish down ouzhi step:2023-12-21 04:00 日尔曼 vs 梅 斯
2024-02-29 19:57:21 等待下载完成
2024-02-29 19:57:23 等待下载完成
2024-02-29 19:57:25 等待下载完成
2024-02-29 19:57:27 等待下载完成
2024-02-29 19:57:29 等待下载完成
2024-02-29 19:57:31 等待下载完成
2024-02-29 19:57:33 等待下载完成
2024-02-29 19:57:35 等待下载完成
2024-02-29 19:57:37 等待下载完成
2024-02-29 19:57:39 等待下载完成
2024-02-29 19:57:39 process oupei error:
2024-02-29 19:57:45 finish down yapan step:2023-12-21 04:00 日尔曼 vs 梅 斯
2024-02-29 19:57:47 等待下载完成
2024-02-29 19:57:49 等待下载完成
2024-02-29 19:57:51 等待下载完成
2024-02-29 19:57:53 等待下载完成
2024-02-29 19:57:55 等待下载完成
2024-02-29 19:57:57 等待下载完成
2024-02-29 19:57:59 等待下载完成
2024-02-29 19:58:01 等待下载完成
2024-02-29 19:58:03 等待下载完成
2024-02-29 19:58:05 等待下载完成
2024-02-29 19:58:05 process yapan error:2023-12-21 04:00,日尔曼,梅 斯
2024-02-29 19:58:05 跳转网页https://liansai.500.com/zuqiu-6901/
2024-02-29 19:58:37 跳转网页https://odds.500.com/fenxi/shuju-1100018.shtml
2024-02-29 19:58:51 finish down ouzhi step:2023-12-21 04:00 兰 斯 vs 阿弗尔
2024-02-29 19:58:53 等待下载完成
2024-02-29 19:58:55 等待下载完成
2024-02-29 19:58:57 等待下载完成
2024-02-29 19:58:59 等待下载完成
2024-02-29 19:59:01 等待下载完成
2024-02-29 19:59:03 等待下载完成
2024-02-29 19:59:05 等待下载完成
2024-02-29 19:59:07 等待下载完成
2024-02-29 19:59:09 等待下载完成
2024-02-29 19:59:11 等待下载完成
2024-02-29 19:59:11 process oupei error:
2024-02-29 19:59:17 finish down yapan step:2023-12-21 04:00 兰 斯 vs 阿弗尔
2024-02-29 19:59:19 等待下载完成
2024-02-29 19:59:21 等待下载完成
2024-02-29 19:59:23 等待下载完成
2024-02-29 19:59:25 等待下载完成
2024-02-29 19:59:27 等待下载完成
2024-02-29 19:59:29 等待下载完成
2024-02-29 19:59:31 等待下载完成
2024-02-29 19:59:33 等待下载完成
2024-02-29 19:59:35 等待下载完成
2024-02-29 19:59:37 等待下载完成
2024-02-29 19:59:37 process yapan error:2023-12-21 04:00,兰 斯,阿弗尔
2024-02-29 19:59:37 跳转网页https://liansai.500.com/zuqiu-6901/
2024-02-29 20:00:09 跳转网页https://odds.500.com/fenxi/shuju-1100019.shtml
2024-02-29 20:00:23 finish down ouzhi step:2023-12-21 04:00 斯特堡 vs 里 尔
2024-02-29 20:00:25 等待下载完成
2024-02-29 20:00:27 等待下载完成
2024-02-29 20:00:29 等待下载完成
2024-02-29 20:00:31 等待下载完成
2024-02-29 20:00:33 等待下载完成
2024-02-29 20:00:35 等待下载完成
2024-02-29 20:00:37 等待下载完成
2024-02-29 20:00:39 等待下载完成
2024-02-29 20:00:41 等待下载完成
2024-02-29 20:00:43 等待下载完成
2024-02-29 20:00:43 process oupei error:
2024-02-29 20:00:48 finish down yapan step:2023-12-21 04:00 斯特堡 vs 里 尔
2024-02-29 20:00:50 等待下载完成
2024-02-29 20:00:52 等待下载完成
2024-02-29 20:00:54 等待下载完成
2024-02-29 20:00:56 等待下载完成
2024-02-29 20:00:58 等待下载完成
2024-02-29 20:01:00 等待下载完成
2024-02-29 20:01:02 等待下载完成
2024-02-29 20:01:04 等待下载完成
2024-02-29 20:01:06 等待下载完成
2024-02-29 20:01:08 等待下载完成
2024-02-29 20:01:08 process yapan error:2023-12-21 04:00,斯特堡,里 尔
2024-02-29 20:01:08 跳转网页https://liansai.500.com/zuqiu-6901/
2024-02-29 20:01:40 跳转网页https://odds.500.com/fenxi/shuju-1100020.shtml
2024-02-29 20:01:54 finish down ouzhi step:2023-12-21 04:00 图卢兹 vs 摩纳哥
2024-02-29 20:01:56 等待下载完成
2024-02-29 20:01:58 等待下载完成
2024-02-29 20:02:00 等待下载完成
2024-02-29 20:02:02 等待下载完成
2024-02-29 20:02:04 等待下载完成
2024-02-29 20:02:06 等待下载完成
2024-02-29 20:02:08 等待下载完成
2024-02-29 20:02:10 等待下载完成
2024-02-29 20:02:12 等待下载完成
2024-02-29 20:02:14 等待下载完成
2024-02-29 20:02:14 process oupei error:
2024-02-29 20:02:19 finish down yapan step:2023-12-21 04:00 图卢兹 vs 摩纳哥
2024-02-29 20:02:21 等待下载完成
2024-02-29 20:02:23 等待下载完成
2024-02-29 20:02:25 等待下载完成
2024-02-29 20:02:27 等待下载完成
2024-02-29 20:02:29 等待下载完成
2024-02-29 20:02:31 等待下载完成
2024-02-29 20:02:33 等待下载完成
2024-02-29 20:02:35 等待下载完成
2024-02-29 20:02:37 等待下载完成
2024-02-29 20:02:39 等待下载完成
2024-02-29 20:02:39 process yapan error:2023-12-21 04:00,图卢兹,摩纳哥
2024-02-29 20:02:39 跳转网页https://liansai.500.com/zuqiu-6901/
2024-02-29 20:03:11 end
